[0.017s] Invoking command in '/home/vedant/ros_ws/build/gz_rosa_control': CMAKE_PREFIX_PATH=${CMAKE_PREFIX_PATH}:/opt/ros/humble /usr/bin/cmake --build /home/vedant/ros_ws/build/gz_rosa_control -- -j12 -l12
[0.116s] [100%] Built target gazebo_ros_omni_drive
[0.133s] Invoked command in '/home/vedant/ros_ws/build/gz_rosa_control' returned '0': CMAKE_PREFIX_PATH=${CMAKE_PREFIX_PATH}:/opt/ros/humble /usr/bin/cmake --build /home/vedant/ros_ws/build/gz_rosa_control -- -j12 -l12
[0.147s] Invoking command in '/home/vedant/ros_ws/build/gz_rosa_control': CMAKE_PREFIX_PATH=${CMAKE_PREFIX_PATH}:/opt/ros/humble /usr/bin/cmake --install /home/vedant/ros_ws/build/gz_rosa_control
[0.156s] -- Install configuration: ""
[0.156s] -- Up-to-date: /home/vedant/ros_ws/install/gz_rosa_control/lib/libgazebo_ros_omni_drive.so
[0.156s] -- Up-to-date: /home/vedant/ros_ws/install/gz_rosa_control/share/gz_rosa_control/launch
[0.156s] -- Up-to-date: /home/vedant/ros_ws/install/gz_rosa_control/share/gz_rosa_control/launch/omni_bot.launch.py
[0.157s] -- Up-to-date: /home/vedant/ros_ws/install/gz_rosa_control/share/gz_rosa_control/urdf
[0.157s] -- Installing: /home/vedant/ros_ws/install/gz_rosa_control/share/gz_rosa_control/urdf/build
[0.157s] -- Installing: /home/vedant/ros_ws/install/gz_rosa_control/share/gz_rosa_control/urdf/build/COLCON_IGNORE
[0.157s] -- Installing: /home/vedant/ros_ws/install/gz_rosa_control/share/gz_rosa_control/urdf/build/.built_by
[0.158s] -- Installing: /home/vedant/ros_ws/install/gz_rosa_control/share/gz_rosa_control/urdf/log
[0.158s] -- Installing: /home/vedant/ros_ws/install/gz_rosa_control/share/gz_rosa_control/urdf/log/COLCON_IGNORE
[0.158s] -- Installing: /home/vedant/ros_ws/install/gz_rosa_control/share/gz_rosa_control/urdf/log/latest_build
[0.158s] -- Installing: /home/vedant/ros_ws/install/gz_rosa_control/share/gz_rosa_control/urdf/log/build_2025-07-08_23-42-00
[0.158s] -- Installing: /home/vedant/ros_ws/install/gz_rosa_control/share/gz_rosa_control/urdf/log/build_2025-07-08_23-42-00/events.log
[0.159s] -- Installing: /home/vedant/ros_ws/install/gz_rosa_control/share/gz_rosa_control/urdf/log/build_2025-07-08_23-42-00/logger_all.log
[0.159s] -- Installing: /home/vedant/ros_ws/install/gz_rosa_control/share/gz_rosa_control/urdf/log/latest
[0.159s] -- Installing: /home/vedant/ros_ws/install/gz_rosa_control/share/gz_rosa_control/urdf/install
[0.159s] -- Installing: /home/vedant/ros_ws/install/gz_rosa_control/share/gz_rosa_control/urdf/install/COLCON_IGNORE
[0.159s] -- Installing: /home/vedant/ros_ws/install/gz_rosa_control/share/gz_rosa_control/urdf/install/local_setup.sh
[0.159s] -- Installing: /home/vedant/ros_ws/install/gz_rosa_control/share/gz_rosa_control/urdf/install/_local_setup_util_ps1.py
[0.159s] -- Installing: /home/vedant/ros_ws/install/gz_rosa_control/share/gz_rosa_control/urdf/install/local_setup.zsh
[0.160s] -- Installing: /home/vedant/ros_ws/install/gz_rosa_control/share/gz_rosa_control/urdf/install/.colcon_install_layout
[0.160s] -- Installing: /home/vedant/ros_ws/install/gz_rosa_control/share/gz_rosa_control/urdf/install/_local_setup_util_sh.py
[0.161s] -- Installing: /home/vedant/ros_ws/install/gz_rosa_control/share/gz_rosa_control/urdf/install/setup.sh
[0.161s] -- Installing: /home/vedant/ros_ws/install/gz_rosa_control/share/gz_rosa_control/urdf/install/local_setup.ps1
[0.161s] -- Installing: /home/vedant/ros_ws/install/gz_rosa_control/share/gz_rosa_control/urdf/install/setup.bash
[0.162s] -- Installing: /home/vedant/ros_ws/install/gz_rosa_control/share/gz_rosa_control/urdf/install/local_setup.bash
[0.162s] -- Installing: /home/vedant/ros_ws/install/gz_rosa_control/share/gz_rosa_control/urdf/install/setup.zsh
[0.162s] -- Installing: /home/vedant/ros_ws/install/gz_rosa_control/share/gz_rosa_control/urdf/install/setup.ps1
[0.162s] -- Installing: /home/vedant/ros_ws/install/gz_rosa_control/share/gz_rosa_control/urdf/omni_bot.urdf
[0.162s] -- Up-to-date: /home/vedant/ros_ws/install/gz_rosa_control/share/gz_rosa_control/environment/library_path.sh
[0.162s] -- Up-to-date: /home/vedant/ros_ws/install/gz_rosa_control/share/gz_rosa_control/environment/library_path.dsv
[0.162s] -- Up-to-date: /home/vedant/ros_ws/install/gz_rosa_control/share/ament_index/resource_index/package_run_dependencies/gz_rosa_control
[0.162s] -- Up-to-date: /home/vedant/ros_ws/install/gz_rosa_control/share/ament_index/resource_index/parent_prefix_path/gz_rosa_control
[0.162s] -- Up-to-date: /home/vedant/ros_ws/install/gz_rosa_control/share/gz_rosa_control/environment/ament_prefix_path.sh
[0.163s] -- Up-to-date: /home/vedant/ros_ws/install/gz_rosa_control/share/gz_rosa_control/environment/ament_prefix_path.dsv
[0.163s] -- Up-to-date: /home/vedant/ros_ws/install/gz_rosa_control/share/gz_rosa_control/environment/path.sh
[0.163s] -- Up-to-date: /home/vedant/ros_ws/install/gz_rosa_control/share/gz_rosa_control/environment/path.dsv
[0.163s] -- Up-to-date: /home/vedant/ros_ws/install/gz_rosa_control/share/gz_rosa_control/local_setup.bash
[0.163s] -- Up-to-date: /home/vedant/ros_ws/install/gz_rosa_control/share/gz_rosa_control/local_setup.sh
[0.163s] -- Up-to-date: /home/vedant/ros_ws/install/gz_rosa_control/share/gz_rosa_control/local_setup.zsh
[0.163s] -- Up-to-date: /home/vedant/ros_ws/install/gz_rosa_control/share/gz_rosa_control/local_setup.dsv
[0.163s] -- Installing: /home/vedant/ros_ws/install/gz_rosa_control/share/gz_rosa_control/package.dsv
[0.163s] -- Up-to-date: /home/vedant/ros_ws/install/gz_rosa_control/share/ament_index/resource_index/packages/gz_rosa_control
[0.163s] -- Up-to-date: /home/vedant/ros_ws/install/gz_rosa_control/share/gz_rosa_control/cmake/ament_cmake_export_libraries-extras.cmake
[0.164s] -- Up-to-date: /home/vedant/ros_ws/install/gz_rosa_control/share/gz_rosa_control/cmake/gz_rosa_controlConfig.cmake
[0.164s] -- Up-to-date: /home/vedant/ros_ws/install/gz_rosa_control/share/gz_rosa_control/cmake/gz_rosa_controlConfig-version.cmake
[0.164s] -- Up-to-date: /home/vedant/ros_ws/install/gz_rosa_control/share/gz_rosa_control/package.xml
[0.165s] Invoked command in '/home/vedant/ros_ws/build/gz_rosa_control' returned '0': CMAKE_PREFIX_PATH=${CMAKE_PREFIX_PATH}:/opt/ros/humble /usr/bin/cmake --install /home/vedant/ros_ws/build/gz_rosa_control
