[0.011s] Invoking command in '/home/vedant/ros_ws/build/gz_rosa_control': CMAKE_PREFIX_PATH=/opt/ros/humble /usr/bin/cmake /home/vedant/ros_ws/src/gz_rosa_control -DCMAKE_INSTALL_PREFIX=/home/vedant/ros_ws/install/gz_rosa_control
[0.069s] -- The C compiler identification is GNU 11.4.0
[0.121s] -- The CXX compiler identification is GNU 11.4.0
[0.127s] -- Detecting C compiler ABI info
[0.192s] -- Detecting C compiler ABI info - done
[0.201s] -- Check for working C compiler: /usr/bin/cc - skipped
[0.201s] -- Detecting C compile features
[0.201s] -- Detecting C compile features - done
[0.204s] -- Detecting CXX compiler ABI info
[0.283s] -- Detecting CXX compiler ABI info - done
[0.291s] -- Check for working CXX compiler: /usr/bin/c++ - skipped
[0.292s] -- Detecting CXX compile features
[0.292s] -- Detecting CXX compile features - done
[0.294s] -- Found ament_cmake: 1.3.11 (/opt/ros/humble/share/ament_cmake/cmake)
[0.451s] -- Found Python3: /usr/bin/python3 (found version "3.10.12") found components: Interpreter 
[0.548s] -- Found rclcpp: 16.0.12 (/opt/ros/humble/share/rclcpp/cmake)
[0.593s] -- Found rosidl_generator_c: 3.1.6 (/opt/ros/humble/share/rosidl_generator_c/cmake)
[0.598s] -- Found rosidl_adapter: 3.1.6 (/opt/ros/humble/share/rosidl_adapter/cmake)
[0.607s] -- Found rosidl_generator_cpp: 3.1.6 (/opt/ros/humble/share/rosidl_generator_cpp/cmake)
[0.620s] -- Using all available rosidl_typesupport_c: rosidl_typesupport_fastrtps_c;rosidl_typesupport_introspection_c
[0.636s] -- Using all available rosidl_typesupport_cpp: rosidl_typesupport_fastrtps_cpp;rosidl_typesupport_introspection_cpp
[0.685s] -- Found rmw_implementation_cmake: 6.1.2 (/opt/ros/humble/share/rmw_implementation_cmake/cmake)
[0.687s] -- Found rmw_fastrtps_cpp: 6.2.7 (/opt/ros/humble/share/rmw_fastrtps_cpp/cmake)
[0.801s] -- Found OpenSSL: /usr/lib/x86_64-linux-gnu/libcrypto.so (found version "3.0.2")  
[0.839s] -- Found FastRTPS: /opt/ros/humble/include  
[0.889s] -- Using RMW implementation 'rmw_fastrtps_cpp' as default
[0.898s] -- Looking for pthread.h
[0.989s] -- Looking for pthread.h - found
[0.990s] -- Performing Test CMAKE_HAVE_LIBC_PTHREAD
[1.090s] -- Performing Test CMAKE_HAVE_LIBC_PTHREAD - Success
[1.091s] -- Found Threads: TRUE  
[1.155s] -- Found gazebo_ros: 3.9.0 (/opt/ros/humble/share/gazebo_ros/cmake)
[1.167s] -- Found PkgConfig: /usr/bin/pkg-config (found version "0.29.2") 
[1.168s] -- Checking for module 'bullet>=2.82'
[1.188s] --   Found bullet, version 3.05
[1.332s] -- Found fcl: /usr/include (found suitable version "0.7.0", minimum required is "0.5.0") 
[1.403s] -- Found assimp: /usr/include (found version "5.2.0") 
[1.421s] -- Found DART: /usr/include (Required is at least version "6.6") found components: dart 
[1.449s] -- Found Boost: /usr/lib/x86_64-linux-gnu/cmake/Boost-1.74.0/BoostConfig.cmake (found suitable version "1.74.0", minimum required is "1.40.0") found components: thread system filesystem program_options regex iostreams date_time 
[1.461s] -- Found Protobuf: /usr/lib/x86_64-linux-gnu/libprotobuf.so (found version "3.12.4") 
[1.465s] -- Looking for ignition-math6 -- found version 6.15.1
[1.470s] -- Searching for dependencies of ignition-math6
[1.471s] -- Looking for OGRE...
[1.472s] -- OGRE_PREFIX_WATCH changed.
[1.477s] -- Checking for module 'OGRE'
[1.491s] --   Found OGRE, version 1.9.0
[1.537s] -- Found Ogre Ghadamon (1.9.0)
[1.544s] -- Found OGRE: optimized;/usr/lib/x86_64-linux-gnu/libOgreMain.so;debug;/usr/lib/x86_64-linux-gnu/libOgreMain.so
[1.555s] -- Looking for OGRE_Paging...
[1.561s] -- Found OGRE_Paging: optimized;/usr/lib/x86_64-linux-gnu/libOgrePaging.so;debug;/usr/lib/x86_64-linux-gnu/libOgrePaging.so
[1.561s] -- Looking for OGRE_Terrain...
[1.565s] -- Found OGRE_Terrain: optimized;/usr/lib/x86_64-linux-gnu/libOgreTerrain.so;debug;/usr/lib/x86_64-linux-gnu/libOgreTerrain.so
[1.565s] -- Looking for OGRE_Property...
[1.569s] -- Found OGRE_Property: optimized;/usr/lib/x86_64-linux-gnu/libOgreProperty.so;debug;/usr/lib/x86_64-linux-gnu/libOgreProperty.so
[1.569s] -- Looking for OGRE_RTShaderSystem...
[1.573s] -- Found OGRE_RTShaderSystem: optimized;/usr/lib/x86_64-linux-gnu/libOgreRTShaderSystem.so;debug;/usr/lib/x86_64-linux-gnu/libOgreRTShaderSystem.so
[1.573s] -- Looking for OGRE_Volume...
[1.576s] -- Found OGRE_Volume: optimized;/usr/lib/x86_64-linux-gnu/libOgreVolume.so;debug;/usr/lib/x86_64-linux-gnu/libOgreVolume.so
[1.576s] -- Looking for OGRE_Overlay...
[1.580s] -- Found OGRE_Overlay: optimized;/usr/lib/x86_64-linux-gnu/libOgreOverlay.so;debug;/usr/lib/x86_64-linux-gnu/libOgreOverlay.so
[1.655s] -- Looking for ignition-math6 -- found version 6.15.1
[1.656s] -- Looking for ignition-transport8 -- found version 8.2.1
[1.657s] -- Searching for dependencies of ignition-transport8
[1.671s] -- Found Protobuf: /usr/lib/x86_64-linux-gnu/libprotobuf.so (found suitable version "3.12.4", minimum required is "3") 
[1.680s] -- Config-file not installed for ZeroMQ -- checking for pkg-config
[1.686s] -- Checking for module 'libzmq >= 4'
[1.700s] --   Found libzmq , version 4.3.4
[1.750s] -- Found ZeroMQ: TRUE (Required is at least version "4") 
[1.758s] -- Checking for module 'uuid'
[1.776s] --   Found uuid, version 2.37.2
[1.821s] -- Found UUID: TRUE  
[1.824s] -- Looking for ignition-msgs5 -- found version 5.8.1
[1.824s] -- Searching for dependencies of ignition-msgs5
[1.844s] -- Looking for ignition-math6 -- found version 6.15.1
[1.850s] -- Checking for module 'tinyxml2'
[1.866s] --   Found tinyxml2, version 9.0.0
[1.914s] -- Looking for ignition-msgs5 -- found version 5.8.1
[1.917s] -- Looking for ignition-common3 -- found version 3.14.0
[1.918s] -- Searching for dependencies of ignition-common3
[1.918s] -- Looking for dlfcn.h - found
[1.919s] -- Looking for libdl - found
[1.920s] -- Found DL: TRUE  
[1.932s] -- Found tinyobjloader: /usr/lib/x86_64-linux-gnu/cmake/tinyobjloader/tinyobjloader-config.cmake (found version "2.0.0") 
[1.932s] -- Searching for <ignition-common3> component [graphics]
[1.935s] -- Looking for ignition-common3-graphics -- found version 3.14.0
[1.935s] -- Searching for dependencies of ignition-common3-graphics
[1.935s] -- Looking for ignition-math6 -- found version 6.15.1
[1.938s] -- Looking for ignition-fuel_tools4 -- found version 4.4.0
[1.939s] -- Searching for dependencies of ignition-fuel_tools4
[2.032s] -- Found CURL: /usr/lib/x86_64-linux-gnu/libcurl.so (found version "7.81.0")  
[2.044s] -- Checking for module 'jsoncpp'
[2.063s] --   Found jsoncpp, version 1.9.5
[2.115s] -- Found JSONCPP: TRUE  
[2.123s] -- Checking for module 'libzip'
[2.142s] --   Found libzip, version 1.7.3
[2.194s] -- Found ZIP: TRUE  
[2.194s] -- Looking for ignition-common3 -- found version 3.14.0
[2.195s] -- Looking for ignition-math6 -- found version 6.15.1
[2.195s] -- Looking for ignition-msgs5 -- found version 5.8.1
[2.199s] -- Gazebo version: 11.10
[2.199s] -- Checking for module 'tbb'
[2.218s] --   Found tbb, version 2021.5.0
[2.274s] -- Found geometry_msgs: 4.9.0 (/opt/ros/humble/share/geometry_msgs/cmake)
[2.288s] -- Found nav_msgs: 4.9.0 (/opt/ros/humble/share/nav_msgs/cmake)
[2.302s] -- Found tf2: 0.25.13 (/opt/ros/humble/share/tf2/cmake)
[2.311s] -- Found tf2_ros: 0.25.13 (/opt/ros/humble/share/tf2_ros/cmake)
[2.382s] -- Found tf2_geometry_msgs: 0.25.13 (/opt/ros/humble/share/tf2_geometry_msgs/cmake)
[2.388s] -- Found eigen3_cmake_module: 0.1.1 (/opt/ros/humble/share/eigen3_cmake_module/cmake)
[2.389s] -- Found Eigen3: TRUE (found version "3.4.0") 
[2.389s] -- Ensuring Eigen3 include directory is part of orocos-kdl CMake target
[2.453s] -- Configuring done
[2.468s] -- Generating done
[2.472s] -- Build files have been written to: /home/vedant/ros_ws/build/gz_rosa_control
[2.483s] Invoked command in '/home/vedant/ros_ws/build/gz_rosa_control' returned '0': CMAKE_PREFIX_PATH=/opt/ros/humble /usr/bin/cmake /home/vedant/ros_ws/src/gz_rosa_control -DCMAKE_INSTALL_PREFIX=/home/vedant/ros_ws/install/gz_rosa_control
[2.486s] Invoking command in '/home/vedant/ros_ws/build/gz_rosa_control': CMAKE_PREFIX_PATH=/opt/ros/humble /usr/bin/cmake --build /home/vedant/ros_ws/build/gz_rosa_control -- -j12 -l12
[2.535s] [ 50%] [32mBuilding CXX object CMakeFiles/gazebo_ros_omni_drive.dir/src/gazebo_ros_omni_drive.cpp.o[0m
[3.955s] In file included from [01m[K/home/vedant/ros_ws/src/gz_rosa_control/src/gazebo_ros_omni_drive.cpp:70[m[K:
[3.955s] [01m[K/opt/ros/humble/include/tf2_geometry_msgs/tf2_geometry_msgs/tf2_geometry_msgs.h:35:2:[m[K [01;35m[Kwarning: [m[K#warning This header is obsolete, please include tf2_geometry_msgs/tf2_geometry_msgs.hpp instead [[01;35m[K]8;;https://gcc.gnu.org/onlinedocs/gcc/Warning-Options.html#index-Wcpp-Wcpp]8;;[m[K]
[3.955s]    35 | #[01;35m[Kwarning[m[K This header is obsolete, please include tf2_geometry_msgs/tf2_geometry_msgs.hpp instead
[3.956s]       |  [01;35m[K^~~~~~~[m[K
[15.296s] [100%] [32m[1mLinking CXX shared library libgazebo_ros_omni_drive.so[0m
[15.962s] [100%] Built target gazebo_ros_omni_drive
[15.973s] Invoked command in '/home/vedant/ros_ws/build/gz_rosa_control' returned '0': CMAKE_PREFIX_PATH=/opt/ros/humble /usr/bin/cmake --build /home/vedant/ros_ws/build/gz_rosa_control -- -j12 -l12
[15.983s] Invoking command in '/home/vedant/ros_ws/build/gz_rosa_control': CMAKE_PREFIX_PATH=/opt/ros/humble /usr/bin/cmake --install /home/vedant/ros_ws/build/gz_rosa_control
[15.991s] -- Install configuration: ""
[15.992s] -- Installing: /home/vedant/ros_ws/install/gz_rosa_control/lib/libgazebo_ros_omni_drive.so
[15.999s] -- Set runtime path of "/home/vedant/ros_ws/install/gz_rosa_control/lib/libgazebo_ros_omni_drive.so" to ""
[15.999s] -- Installing: /home/vedant/ros_ws/install/gz_rosa_control/share/gz_rosa_control/launch
[15.999s] -- Installing: /home/vedant/ros_ws/install/gz_rosa_control/share/gz_rosa_control/launch/omni_bot.launch.py
[15.999s] -- Installing: /home/vedant/ros_ws/install/gz_rosa_control/share/gz_rosa_control/urdf
[15.999s] -- Installing: /home/vedant/ros_ws/install/gz_rosa_control/share/gz_rosa_control/urdf/omni_bot.urdf
[16.000s] -- Installing: /home/vedant/ros_ws/install/gz_rosa_control/share/gz_rosa_control/environment/library_path.sh
[16.000s] -- Installing: /home/vedant/ros_ws/install/gz_rosa_control/share/gz_rosa_control/environment/library_path.dsv
[16.000s] -- Installing: /home/vedant/ros_ws/install/gz_rosa_control/share/ament_index/resource_index/package_run_dependencies/gz_rosa_control
[16.000s] -- Installing: /home/vedant/ros_ws/install/gz_rosa_control/share/ament_index/resource_index/parent_prefix_path/gz_rosa_control
[16.001s] -- Installing: /home/vedant/ros_ws/install/gz_rosa_control/share/gz_rosa_control/environment/ament_prefix_path.sh
[16.001s] -- Installing: /home/vedant/ros_ws/install/gz_rosa_control/share/gz_rosa_control/environment/ament_prefix_path.dsv
[16.001s] -- Installing: /home/vedant/ros_ws/install/gz_rosa_control/share/gz_rosa_control/environment/path.sh
[16.001s] -- Installing: /home/vedant/ros_ws/install/gz_rosa_control/share/gz_rosa_control/environment/path.dsv
[16.001s] -- Installing: /home/vedant/ros_ws/install/gz_rosa_control/share/gz_rosa_control/local_setup.bash
[16.002s] -- Installing: /home/vedant/ros_ws/install/gz_rosa_control/share/gz_rosa_control/local_setup.sh
[16.002s] -- Installing: /home/vedant/ros_ws/install/gz_rosa_control/share/gz_rosa_control/local_setup.zsh
[16.002s] -- Installing: /home/vedant/ros_ws/install/gz_rosa_control/share/gz_rosa_control/local_setup.dsv
[16.002s] -- Installing: /home/vedant/ros_ws/install/gz_rosa_control/share/gz_rosa_control/package.dsv
[16.002s] -- Installing: /home/vedant/ros_ws/install/gz_rosa_control/share/ament_index/resource_index/packages/gz_rosa_control
[16.002s] -- Installing: /home/vedant/ros_ws/install/gz_rosa_control/share/gz_rosa_control/cmake/ament_cmake_export_libraries-extras.cmake
[16.003s] -- Installing: /home/vedant/ros_ws/install/gz_rosa_control/share/gz_rosa_control/cmake/gz_rosa_controlConfig.cmake
[16.003s] -- Installing: /home/vedant/ros_ws/install/gz_rosa_control/share/gz_rosa_control/cmake/gz_rosa_controlConfig-version.cmake
[16.003s] -- Installing: /home/vedant/ros_ws/install/gz_rosa_control/share/gz_rosa_control/package.xml
[16.005s] Invoked command in '/home/vedant/ros_ws/build/gz_rosa_control' returned '0': CMAKE_PREFIX_PATH=/opt/ros/humble /usr/bin/cmake --install /home/vedant/ros_ws/build/gz_rosa_control
