[0.579s] Invoking command in '/home/vedant/ros_ws/src/ball_tracker': PYTHONPATH=/home/vedant/ros_ws/build/ball_tracker/prefix_override:/usr/lib/python3/dist-packages/colcon_core/task/python/colcon_distutils_commands:/home/vedant/ros_ws/install/ball_tracker/lib/python3.10/site-packages:${PYTHONPATH} /usr/bin/python3 -W ignore:setup.py install is deprecated -W ignore:easy_install command is deprecated setup.py egg_info --egg-base ../../build/ball_tracker build --build-base /home/vedant/ros_ws/build/ball_tracker/build install --record /home/vedant/ros_ws/build/ball_tracker/install.log --single-version-externally-managed install_data
[0.769s] running egg_info
[0.769s] writing ../../build/ball_tracker/ball_tracker.egg-info/PKG-INFO
[0.769s] writing dependency_links to ../../build/ball_tracker/ball_tracker.egg-info/dependency_links.txt
[0.769s] writing entry points to ../../build/ball_tracker/ball_tracker.egg-info/entry_points.txt
[0.770s] writing requirements to ../../build/ball_tracker/ball_tracker.egg-info/requires.txt
[0.770s] writing top-level names to ../../build/ball_tracker/ball_tracker.egg-info/top_level.txt
[0.771s] reading manifest file '../../build/ball_tracker/ball_tracker.egg-info/SOURCES.txt'
[0.772s] writing manifest file '../../build/ball_tracker/ball_tracker.egg-info/SOURCES.txt'
[0.772s] running build
[0.772s] running build_py
[0.772s] copying ball_tracker/move_bot.py -> /home/vedant/ros_ws/build/ball_tracker/build/lib/ball_tracker
[0.772s] running install
[0.773s] running install_lib
[0.774s] copying /home/vedant/ros_ws/build/ball_tracker/build/lib/ball_tracker/move_bot.py -> /home/vedant/ros_ws/install/ball_tracker/lib/python3.10/site-packages/ball_tracker
[0.775s] byte-compiling /home/vedant/ros_ws/install/ball_tracker/lib/python3.10/site-packages/ball_tracker/move_bot.py to move_bot.cpython-310.pyc
[0.775s] running install_data
[0.776s] running install_egg_info
[0.777s] removing '/home/vedant/ros_ws/install/ball_tracker/lib/python3.10/site-packages/ball_tracker-0.0.0-py3.10.egg-info' (and everything under it)
[0.777s] Copying ../../build/ball_tracker/ball_tracker.egg-info to /home/vedant/ros_ws/install/ball_tracker/lib/python3.10/site-packages/ball_tracker-0.0.0-py3.10.egg-info
[0.778s] running install_scripts
[0.796s] Installing detect_ball script to /home/vedant/ros_ws/install/ball_tracker/lib/ball_tracker
[0.796s] Installing move_bot script to /home/vedant/ros_ws/install/ball_tracker/lib/ball_tracker
[0.796s] writing list of installed files to '/home/vedant/ros_ws/build/ball_tracker/install.log'
[0.816s] Invoked command in '/home/vedant/ros_ws/src/ball_tracker' returned '0': PYTHONPATH=/home/vedant/ros_ws/build/ball_tracker/prefix_override:/usr/lib/python3/dist-packages/colcon_core/task/python/colcon_distutils_commands:/home/vedant/ros_ws/install/ball_tracker/lib/python3.10/site-packages:${PYTHONPATH} /usr/bin/python3 -W ignore:setup.py install is deprecated -W ignore:easy_install command is deprecated setup.py egg_info --egg-base ../../build/ball_tracker build --build-base /home/vedant/ros_ws/build/ball_tracker/build install --record /home/vedant/ros_ws/build/ball_tracker/install.log --single-version-externally-managed install_data
