[0.148s] Invoking command in '/home/vedant/ros_ws/build/gz_rosa_control': CMAKE_PREFIX_PATH=${CMAKE_PREFIX_PATH}:/home/vedant/ros_ws/install/ball_tracker:/opt/ros/humble /usr/bin/cmake /home/vedant/ros_ws/src/gz_rosa_control -DCMAKE_INSTALL_PREFIX=/home/vedant/ros_ws/install/gz_rosa_control
[0.158s] -- Found ament_cmake: 1.3.11 (/opt/ros/humble/share/ament_cmake/cmake)
[0.243s] -- Override CMake install command with custom implementation using symlinks instead of copying resources
[0.248s] -- Found rclcpp: 16.0.12 (/opt/ros/humble/share/rclcpp/cmake)
[0.265s] -- Found rosidl_generator_c: 3.1.6 (/opt/ros/humble/share/rosidl_generator_c/cmake)
[0.267s] -- Found rosidl_adapter: 3.1.6 (/opt/ros/humble/share/rosidl_adapter/cmake)
[0.270s] -- Found rosidl_generator_cpp: 3.1.6 (/opt/ros/humble/share/rosidl_generator_cpp/cmake)
[0.276s] -- Using all available rosidl_typesupport_c: rosidl_typesupport_fastrtps_c;rosidl_typesupport_introspection_c
[0.283s] -- Using all available rosidl_typesupport_cpp: rosidl_typesupport_fastrtps_cpp;rosidl_typesupport_introspection_cpp
[0.302s] -- Found rmw_implementation_cmake: 6.1.2 (/opt/ros/humble/share/rmw_implementation_cmake/cmake)
[0.303s] -- Found rmw_fastrtps_cpp: 6.2.7 (/opt/ros/humble/share/rmw_fastrtps_cpp/cmake)
[0.382s] -- Using RMW implementation 'rmw_fastrtps_cpp' as default
[0.412s] -- Found gazebo_ros: 3.9.0 (/opt/ros/humble/share/gazebo_ros/cmake)
[0.440s] -- Found DART: /usr/include (Required is at least version "6.6") found components: dart 
[0.461s] -- Found Protobuf: /usr/lib/x86_64-linux-gnu/libprotobuf.so (found version "3.12.4") 
[0.463s] -- Looking for ignition-math6 -- found version 6.15.1
[0.466s] -- Searching for dependencies of ignition-math6
[0.467s] -- Looking for OGRE...
[0.472s] -- Found Ogre Ghadamon (1.9.0)
[0.472s] -- Found OGRE: optimized;/usr/lib/x86_64-linux-gnu/libOgreMain.so;debug;/usr/lib/x86_64-linux-gnu/libOgreMain.so
[0.480s] -- Looking for OGRE_Paging...
[0.480s] -- Found OGRE_Paging: optimized;/usr/lib/x86_64-linux-gnu/libOgrePaging.so;debug;/usr/lib/x86_64-linux-gnu/libOgrePaging.so
[0.480s] -- Looking for OGRE_Terrain...
[0.480s] -- Found OGRE_Terrain: optimized;/usr/lib/x86_64-linux-gnu/libOgreTerrain.so;debug;/usr/lib/x86_64-linux-gnu/libOgreTerrain.so
[0.480s] -- Looking for OGRE_Property...
[0.480s] -- Found OGRE_Property: optimized;/usr/lib/x86_64-linux-gnu/libOgreProperty.so;debug;/usr/lib/x86_64-linux-gnu/libOgreProperty.so
[0.481s] -- Looking for OGRE_RTShaderSystem...
[0.481s] -- Found OGRE_RTShaderSystem: optimized;/usr/lib/x86_64-linux-gnu/libOgreRTShaderSystem.so;debug;/usr/lib/x86_64-linux-gnu/libOgreRTShaderSystem.so
[0.481s] -- Looking for OGRE_Volume...
[0.481s] -- Found OGRE_Volume: optimized;/usr/lib/x86_64-linux-gnu/libOgreVolume.so;debug;/usr/lib/x86_64-linux-gnu/libOgreVolume.so
[0.481s] -- Looking for OGRE_Overlay...
[0.481s] -- Found OGRE_Overlay: optimized;/usr/lib/x86_64-linux-gnu/libOgreOverlay.so;debug;/usr/lib/x86_64-linux-gnu/libOgreOverlay.so
[0.540s] -- Looking for ignition-math6 -- found version 6.15.1
[0.540s] -- Looking for ignition-transport8 -- found version 8.2.1
[0.540s] -- Searching for dependencies of ignition-transport8
[0.552s] -- Found Protobuf: /usr/lib/x86_64-linux-gnu/libprotobuf.so (found suitable version "3.12.4", minimum required is "3") 
[0.562s] -- Config-file not installed for ZeroMQ -- checking for pkg-config
[0.566s] -- Checking for module 'libzmq >= 4'
[0.578s] --   Found libzmq , version 4.3.4
[0.614s] -- Checking for module 'uuid'
[0.626s] --   Found uuid, version 2.37.2
[0.653s] -- Looking for ignition-msgs5 -- found version 5.8.1
[0.653s] -- Searching for dependencies of ignition-msgs5
[0.668s] -- Looking for ignition-math6 -- found version 6.15.1
[0.673s] -- Checking for module 'tinyxml2'
[0.684s] --   Found tinyxml2, version 9.0.0
[0.711s] -- Looking for ignition-msgs5 -- found version 5.8.1
[0.711s] -- Looking for ignition-common3 -- found version 3.14.0
[0.712s] -- Searching for dependencies of ignition-common3
[0.712s] -- Looking for dlfcn.h - found
[0.712s] -- Looking for libdl - found
[0.721s] -- Searching for <ignition-common3> component [graphics]
[0.721s] -- Looking for ignition-common3-graphics -- found version 3.14.0
[0.722s] -- Searching for dependencies of ignition-common3-graphics
[0.722s] -- Looking for ignition-math6 -- found version 6.15.1
[0.722s] -- Looking for ignition-fuel_tools4 -- found version 4.4.0
[0.723s] -- Searching for dependencies of ignition-fuel_tools4
[0.754s] -- Checking for module 'jsoncpp'
[0.766s] --   Found jsoncpp, version 1.9.5
[0.798s] -- Checking for module 'libzip'
[0.813s] --   Found libzip, version 1.7.3
[0.857s] -- Looking for ignition-common3 -- found version 3.14.0
[0.857s] -- Looking for ignition-math6 -- found version 6.15.1
[0.858s] -- Looking for ignition-msgs5 -- found version 5.8.1
[0.859s] -- Gazebo version: 11.10
[0.860s] -- Found geometry_msgs: 4.9.0 (/opt/ros/humble/share/geometry_msgs/cmake)
[0.868s] -- Found nav_msgs: 4.9.0 (/opt/ros/humble/share/nav_msgs/cmake)
[0.877s] -- Found tf2: 0.25.13 (/opt/ros/humble/share/tf2/cmake)
[0.879s] -- Found tf2_ros: 0.25.13 (/opt/ros/humble/share/tf2_ros/cmake)
[0.922s] -- Found tf2_geometry_msgs: 0.25.13 (/opt/ros/humble/share/tf2_geometry_msgs/cmake)
[0.924s] -- Found eigen3_cmake_module: 0.1.1 (/opt/ros/humble/share/eigen3_cmake_module/cmake)
[0.924s] -- Ensuring Eigen3 include directory is part of orocos-kdl CMake target
[0.968s] -- Configuring done
[0.978s] -- Generating done
[0.981s] -- Build files have been written to: /home/vedant/ros_ws/build/gz_rosa_control
[0.990s] Invoked command in '/home/vedant/ros_ws/build/gz_rosa_control' returned '0': CMAKE_PREFIX_PATH=${CMAKE_PREFIX_PATH}:/home/vedant/ros_ws/install/ball_tracker:/opt/ros/humble /usr/bin/cmake /home/vedant/ros_ws/src/gz_rosa_control -DCMAKE_INSTALL_PREFIX=/home/vedant/ros_ws/install/gz_rosa_control
[0.990s] Invoking command in '/home/vedant/ros_ws/build/gz_rosa_control': CMAKE_PREFIX_PATH=${CMAKE_PREFIX_PATH}:/home/vedant/ros_ws/install/ball_tracker:/opt/ros/humble /usr/bin/cmake --build /home/vedant/ros_ws/build/gz_rosa_control -- -j12 -l12
[1.025s] [35m[1mConsolidate compiler generated dependencies of target gazebo_ros_omni_drive[0m
[1.045s] [100%] Built target gazebo_ros_omni_drive
[1.054s] Invoked command in '/home/vedant/ros_ws/build/gz_rosa_control' returned '0': CMAKE_PREFIX_PATH=${CMAKE_PREFIX_PATH}:/home/vedant/ros_ws/install/ball_tracker:/opt/ros/humble /usr/bin/cmake --build /home/vedant/ros_ws/build/gz_rosa_control -- -j12 -l12
[1.062s] Invoking command in '/home/vedant/ros_ws/build/gz_rosa_control': CMAKE_PREFIX_PATH=${CMAKE_PREFIX_PATH}:/home/vedant/ros_ws/install/ball_tracker:/opt/ros/humble /usr/bin/cmake --install /home/vedant/ros_ws/build/gz_rosa_control
[1.068s] -- Install configuration: ""
[1.069s] -- Execute custom install script
[1.069s] -- Up-to-date symlink: /home/vedant/ros_ws/install/gz_rosa_control/lib/libgazebo_ros_omni_drive.so
[1.069s] -- Up-to-date symlink: /home/vedant/ros_ws/install/gz_rosa_control/share/gz_rosa_control/launch/omni_bot.launch.py
[1.069s] -- Up-to-date symlink: /home/vedant/ros_ws/install/gz_rosa_control/share/gz_rosa_control/urdf/omni_bot.urdf
[1.069s] -- Up-to-date symlink: /home/vedant/ros_ws/install/gz_rosa_control/share/gz_rosa_control/environment/library_path.sh
[1.069s] -- Up-to-date symlink: /home/vedant/ros_ws/install/gz_rosa_control/share/gz_rosa_control/environment/library_path.dsv
[1.069s] -- Up-to-date symlink: /home/vedant/ros_ws/install/gz_rosa_control/share/ament_index/resource_index/package_run_dependencies/gz_rosa_control
[1.069s] -- Up-to-date symlink: /home/vedant/ros_ws/install/gz_rosa_control/share/ament_index/resource_index/parent_prefix_path/gz_rosa_control
[1.069s] -- Up-to-date symlink: /home/vedant/ros_ws/install/gz_rosa_control/share/gz_rosa_control/environment/ament_prefix_path.sh
[1.070s] -- Up-to-date symlink: /home/vedant/ros_ws/install/gz_rosa_control/share/gz_rosa_control/environment/ament_prefix_path.dsv
[1.070s] -- Up-to-date symlink: /home/vedant/ros_ws/install/gz_rosa_control/share/gz_rosa_control/environment/path.sh
[1.070s] -- Up-to-date symlink: /home/vedant/ros_ws/install/gz_rosa_control/share/gz_rosa_control/environment/path.dsv
[1.070s] -- Up-to-date symlink: /home/vedant/ros_ws/install/gz_rosa_control/share/gz_rosa_control/local_setup.bash
[1.070s] -- Up-to-date symlink: /home/vedant/ros_ws/install/gz_rosa_control/share/gz_rosa_control/local_setup.sh
[1.070s] -- Up-to-date symlink: /home/vedant/ros_ws/install/gz_rosa_control/share/gz_rosa_control/local_setup.zsh
[1.070s] -- Up-to-date symlink: /home/vedant/ros_ws/install/gz_rosa_control/share/gz_rosa_control/local_setup.dsv
[1.070s] -- Symlinking: /home/vedant/ros_ws/install/gz_rosa_control/share/gz_rosa_control/package.dsv
[1.075s] -- Up-to-date symlink: /home/vedant/ros_ws/install/gz_rosa_control/share/ament_index/resource_index/packages/gz_rosa_control
[1.075s] -- Up-to-date symlink: /home/vedant/ros_ws/install/gz_rosa_control/share/gz_rosa_control/cmake/ament_cmake_export_libraries-extras.cmake
[1.075s] -- Up-to-date symlink: /home/vedant/ros_ws/install/gz_rosa_control/share/gz_rosa_control/cmake/gz_rosa_controlConfig.cmake
[1.075s] -- Up-to-date symlink: /home/vedant/ros_ws/install/gz_rosa_control/share/gz_rosa_control/cmake/gz_rosa_controlConfig-version.cmake
[1.075s] -- Up-to-date symlink: /home/vedant/ros_ws/install/gz_rosa_control/share/gz_rosa_control/package.xml
[1.076s] Invoked command in '/home/vedant/ros_ws/build/gz_rosa_control' returned '0': CMAKE_PREFIX_PATH=${CMAKE_PREFIX_PATH}:/home/vedant/ros_ws/install/ball_tracker:/opt/ros/humble /usr/bin/cmake --install /home/vedant/ros_ws/build/gz_rosa_control
