running develop
running egg_info
writing ball_tracker.egg-info/PKG-INFO
writing dependency_links to ball_tracker.egg-info/dependency_links.txt
writing entry points to ball_tracker.egg-info/entry_points.txt
writing requirements to ball_tracker.egg-info/requires.txt
writing top-level names to ball_tracker.egg-info/top_level.txt
reading manifest file 'ball_tracker.egg-info/SOURCES.txt'
writing manifest file 'ball_tracker.egg-info/SOURCES.txt'
running build_ext
Creating /home/vedant/ros_ws/install/ball_tracker/lib/python3.10/site-packages/ball-tracker.egg-link (link to .)
Installing detect_ball script to /home/vedant/ros_ws/install/ball_tracker/lib/ball_tracker
Installing move_bot script to /home/vedant/ros_ws/install/ball_tracker/lib/ball_tracker

Installed /home/vedant/ros_ws/build/ball_tracker
running symlink_data
symbolically linking /home/vedant/ros_ws/build/ball_tracker/resource/ball_tracker -> /home/vedant/ros_ws/install/ball_tracker/share/ament_index/resource_index/packages
symbolically linking /home/vedant/ros_ws/build/ball_tracker/package.xml -> /home/vedant/ros_ws/install/ball_tracker/share/ball_tracker
symbolically linking /home/vedant/ros_ws/build/ball_tracker/launch/detect_ball_launch.py -> /home/vedant/ros_ws/install/ball_tracker/share/ball_tracker/launch
symbolically linking /home/vedant/ros_ws/build/ball_tracker/config/blue_ball.yaml -> /home/vedant/ros_ws/install/ball_tracker/share/ball_tracker/config
symbolically linking /home/vedant/ros_ws/build/ball_tracker/config/green_ball.yaml -> /home/vedant/ros_ws/install/ball_tracker/share/ball_tracker/config
symbolically linking /home/vedant/ros_ws/build/ball_tracker/config/yellow_ball.yaml -> /home/vedant/ros_ws/install/ball_tracker/share/ball_tracker/config
