[0.703s] Invoking command in '/home/vedant/ros_ws/build/ball_tracker': PYTHONPATH=/home/vedant/ros_ws/build/ball_tracker/prefix_override:/usr/lib/python3/dist-packages/colcon_core/task/python/colcon_distutils_commands:/home/vedant/ros_ws/install/ball_tracker/lib/python3.10/site-packages:${PYTHONPATH} /usr/bin/python3 -W ignore:setup.py install is deprecated -W ignore:easy_install command is deprecated setup.py develop --editable --build-directory /home/vedant/ros_ws/build/ball_tracker/build --no-deps symlink_data --force
[0.973s] running develop
[1.123s] running egg_info
[1.124s] writing ball_tracker.egg-info/PKG-INFO
[1.125s] writing dependency_links to ball_tracker.egg-info/dependency_links.txt
[1.125s] writing entry points to ball_tracker.egg-info/entry_points.txt
[1.126s] writing requirements to ball_tracker.egg-info/requires.txt
[1.126s] writing top-level names to ball_tracker.egg-info/top_level.txt
[1.128s] reading manifest file 'ball_tracker.egg-info/SOURCES.txt'
[1.129s] writing manifest file 'ball_tracker.egg-info/SOURCES.txt'
[1.131s] running build_ext
[1.131s] Creating /home/vedant/ros_ws/install/ball_tracker/lib/python3.10/site-packages/ball-tracker.egg-link (link to .)
[1.132s] Installing detect_ball script to /home/vedant/ros_ws/install/ball_tracker/lib/ball_tracker
[1.132s] Installing move_bot script to /home/vedant/ros_ws/install/ball_tracker/lib/ball_tracker
[1.133s] 
[1.133s] Installed /home/vedant/ros_ws/build/ball_tracker
[1.133s] running symlink_data
[1.133s] symbolically linking /home/vedant/ros_ws/build/ball_tracker/resource/ball_tracker -> /home/vedant/ros_ws/install/ball_tracker/share/ament_index/resource_index/packages
[1.134s] symbolically linking /home/vedant/ros_ws/build/ball_tracker/package.xml -> /home/vedant/ros_ws/install/ball_tracker/share/ball_tracker
[1.134s] symbolically linking /home/vedant/ros_ws/build/ball_tracker/launch/detect_ball_launch.py -> /home/vedant/ros_ws/install/ball_tracker/share/ball_tracker/launch
[1.134s] symbolically linking /home/vedant/ros_ws/build/ball_tracker/config/blue_ball.yaml -> /home/vedant/ros_ws/install/ball_tracker/share/ball_tracker/config
[1.134s] symbolically linking /home/vedant/ros_ws/build/ball_tracker/config/green_ball.yaml -> /home/vedant/ros_ws/install/ball_tracker/share/ball_tracker/config
[1.135s] symbolically linking /home/vedant/ros_ws/build/ball_tracker/config/yellow_ball.yaml -> /home/vedant/ros_ws/install/ball_tracker/share/ball_tracker/config
[1.167s] Invoked command in '/home/vedant/ros_ws/build/ball_tracker' returned '0': PYTHONPATH=/home/vedant/ros_ws/build/ball_tracker/prefix_override:/usr/lib/python3/dist-packages/colcon_core/task/python/colcon_distutils_commands:/home/vedant/ros_ws/install/ball_tracker/lib/python3.10/site-packages:${PYTHONPATH} /usr/bin/python3 -W ignore:setup.py install is deprecated -W ignore:easy_install command is deprecated setup.py develop --editable --build-directory /home/vedant/ros_ws/build/ball_tracker/build --no-deps symlink_data --force
