running develop
Removing /home/vedant/ros_ws/install/ball_tracker/lib/python3.10/site-packages/ball-tracker.egg-link (link to .)
running egg_info
writing ../../build/ball_tracker/ball_tracker.egg-info/PKG-INFO
writing dependency_links to ../../build/ball_tracker/ball_tracker.egg-info/dependency_links.txt
writing entry points to ../../build/ball_tracker/ball_tracker.egg-info/entry_points.txt
writing requirements to ../../build/ball_tracker/ball_tracker.egg-info/requires.txt
writing top-level names to ../../build/ball_tracker/ball_tracker.egg-info/top_level.txt
reading manifest file '../../build/ball_tracker/ball_tracker.egg-info/SOURCES.txt'
writing manifest file '../../build/ball_tracker/ball_tracker.egg-info/SOURCES.txt'
running build
running build_py
copying ball_tracker/move_bot.py -> /home/vedant/ros_ws/build/ball_tracker/build/lib/ball_tracker
copying ball_tracker/process_image.py -> /home/vedant/ros_ws/build/ball_tracker/build/lib/ball_tracker
running install
running install_lib
creating /home/vedant/ros_ws/install/ball_tracker/lib/python3.10/site-packages/ball_tracker
copying /home/vedant/ros_ws/build/ball_tracker/build/lib/ball_tracker/move_bot.py -> /home/vedant/ros_ws/install/ball_tracker/lib/python3.10/site-packages/ball_tracker
copying /home/vedant/ros_ws/build/ball_tracker/build/lib/ball_tracker/detect_ball.py -> /home/vedant/ros_ws/install/ball_tracker/lib/python3.10/site-packages/ball_tracker
copying /home/vedant/ros_ws/build/ball_tracker/build/lib/ball_tracker/process_image.py -> /home/vedant/ros_ws/install/ball_tracker/lib/python3.10/site-packages/ball_tracker
copying /home/vedant/ros_ws/build/ball_tracker/build/lib/ball_tracker/__init__.py -> /home/vedant/ros_ws/install/ball_tracker/lib/python3.10/site-packages/ball_tracker
byte-compiling /home/vedant/ros_ws/install/ball_tracker/lib/python3.10/site-packages/ball_tracker/move_bot.py to move_bot.cpython-310.pyc
byte-compiling /home/vedant/ros_ws/install/ball_tracker/lib/python3.10/site-packages/ball_tracker/detect_ball.py to detect_ball.cpython-310.pyc
byte-compiling /home/vedant/ros_ws/install/ball_tracker/lib/python3.10/site-packages/ball_tracker/process_image.py to process_image.cpython-310.pyc
byte-compiling /home/vedant/ros_ws/install/ball_tracker/lib/python3.10/site-packages/ball_tracker/__init__.py to __init__.cpython-310.pyc
running install_data
copying resource/ball_tracker -> /home/vedant/ros_ws/install/ball_tracker/share/ament_index/resource_index/packages
copying package.xml -> /home/vedant/ros_ws/install/ball_tracker/share/ball_tracker
copying launch/detect_ball_launch.py -> /home/vedant/ros_ws/install/ball_tracker/share/ball_tracker/launch
copying config/blue_ball.yaml -> /home/vedant/ros_ws/install/ball_tracker/share/ball_tracker/config
copying config/green_ball.yaml -> /home/vedant/ros_ws/install/ball_tracker/share/ball_tracker/config
copying config/yellow_ball.yaml -> /home/vedant/ros_ws/install/ball_tracker/share/ball_tracker/config
running install_egg_info
Copying ../../build/ball_tracker/ball_tracker.egg-info to /home/vedant/ros_ws/install/ball_tracker/lib/python3.10/site-packages/ball_tracker-0.0.0-py3.10.egg-info
running install_scripts
Installing detect_ball script to /home/vedant/ros_ws/install/ball_tracker/lib/ball_tracker
Installing move_bot script to /home/vedant/ros_ws/install/ball_tracker/lib/ball_tracker
writing list of installed files to '/home/vedant/ros_ws/build/ball_tracker/install.log'
