[0.214s] Invoking command in '/home/vedant/ros_ws/build/gz_rosa_control': CMAKE_PREFIX_PATH=/opt/ros/humble /usr/bin/cmake /home/vedant/ros_ws/src/gz_rosa_control -DCMAKE_INSTALL_PREFIX=/home/vedant/ros_ws/install/gz_rosa_control
[0.250s] -- Found ament_cmake: 1.3.11 (/opt/ros/humble/share/ament_cmake/cmake)
[0.411s] -- Override CMake install command with custom implementation using symlinks instead of copying resources
[0.451s] -- Found rclcpp: 16.0.12 (/opt/ros/humble/share/rclcpp/cmake)
[0.494s] -- Found rosidl_generator_c: 3.1.6 (/opt/ros/humble/share/rosidl_generator_c/cmake)
[0.498s] -- Found rosidl_adapter: 3.1.6 (/opt/ros/humble/share/rosidl_adapter/cmake)
[0.506s] -- Found rosidl_generator_cpp: 3.1.6 (/opt/ros/humble/share/rosidl_generator_cpp/cmake)
[0.523s] -- Using all available rosidl_typesupport_c: rosidl_typesupport_fastrtps_c;rosidl_typesupport_introspection_c
[0.541s] -- Using all available rosidl_typesupport_cpp: rosidl_typesupport_fastrtps_cpp;rosidl_typesupport_introspection_cpp
[0.598s] -- Found rmw_implementation_cmake: 6.1.2 (/opt/ros/humble/share/rmw_implementation_cmake/cmake)
[0.602s] -- Found rmw_fastrtps_cpp: 6.2.7 (/opt/ros/humble/share/rmw_fastrtps_cpp/cmake)
[0.737s] -- Using RMW implementation 'rmw_fastrtps_cpp' as default
[0.816s] -- Found gazebo_ros: 3.9.0 (/opt/ros/humble/share/gazebo_ros/cmake)
[0.879s] -- Found DART: /usr/include (Required is at least version "6.6") found components: dart 
[0.924s] -- Found Protobuf: /usr/lib/x86_64-linux-gnu/libprotobuf.so (found version "3.12.4") 
[0.929s] -- Looking for ignition-math6 -- found version 6.15.1
[0.937s] -- Searching for dependencies of ignition-math6
[0.940s] -- Looking for OGRE...
[0.950s] -- Found Ogre Ghadamon (1.9.0)
[0.951s] -- Found OGRE: optimized;/usr/lib/x86_64-linux-gnu/libOgreMain.so;debug;/usr/lib/x86_64-linux-gnu/libOgreMain.so
[0.964s] -- Looking for OGRE_Paging...
[0.964s] -- Found OGRE_Paging: optimized;/usr/lib/x86_64-linux-gnu/libOgrePaging.so;debug;/usr/lib/x86_64-linux-gnu/libOgrePaging.so
[0.964s] -- Looking for OGRE_Terrain...
[0.965s] -- Found OGRE_Terrain: optimized;/usr/lib/x86_64-linux-gnu/libOgreTerrain.so;debug;/usr/lib/x86_64-linux-gnu/libOgreTerrain.so
[0.965s] -- Looking for OGRE_Property...
[0.965s] -- Found OGRE_Property: optimized;/usr/lib/x86_64-linux-gnu/libOgreProperty.so;debug;/usr/lib/x86_64-linux-gnu/libOgreProperty.so
[0.965s] -- Looking for OGRE_RTShaderSystem...
[0.965s] -- Found OGRE_RTShaderSystem: optimized;/usr/lib/x86_64-linux-gnu/libOgreRTShaderSystem.so;debug;/usr/lib/x86_64-linux-gnu/libOgreRTShaderSystem.so
[0.965s] -- Looking for OGRE_Volume...
[0.965s] -- Found OGRE_Volume: optimized;/usr/lib/x86_64-linux-gnu/libOgreVolume.so;debug;/usr/lib/x86_64-linux-gnu/libOgreVolume.so
[0.966s] -- Looking for OGRE_Overlay...
[0.966s] -- Found OGRE_Overlay: optimized;/usr/lib/x86_64-linux-gnu/libOgreOverlay.so;debug;/usr/lib/x86_64-linux-gnu/libOgreOverlay.so
[1.071s] -- Looking for ignition-math6 -- found version 6.15.1
[1.074s] -- Looking for ignition-transport8 -- found version 8.2.1
[1.074s] -- Searching for dependencies of ignition-transport8
[1.092s] -- Found Protobuf: /usr/lib/x86_64-linux-gnu/libprotobuf.so (found suitable version "3.12.4", minimum required is "3") 
[1.106s] -- Config-file not installed for ZeroMQ -- checking for pkg-config
[1.112s] -- Checking for module 'libzmq >= 4'
[1.134s] --   Found libzmq , version 4.3.4
[1.186s] -- Checking for module 'uuid'
[1.202s] --   Found uuid, version 2.37.2
[1.246s] -- Looking for ignition-msgs5 -- found version 5.8.1
[1.246s] -- Searching for dependencies of ignition-msgs5
[1.266s] -- Looking for ignition-math6 -- found version 6.15.1
[1.274s] -- Checking for module 'tinyxml2'
[1.289s] --   Found tinyxml2, version 9.0.0
[1.336s] -- Looking for ignition-msgs5 -- found version 5.8.1
[1.337s] -- Looking for ignition-common3 -- found version 3.14.0
[1.338s] -- Searching for dependencies of ignition-common3
[1.338s] -- Looking for dlfcn.h - found
[1.339s] -- Looking for libdl - found
[1.355s] -- Searching for <ignition-common3> component [graphics]
[1.356s] -- Looking for ignition-common3-graphics -- found version 3.14.0
[1.357s] -- Searching for dependencies of ignition-common3-graphics
[1.357s] -- Looking for ignition-math6 -- found version 6.15.1
[1.359s] -- Looking for ignition-fuel_tools4 -- found version 4.4.0
[1.360s] -- Searching for dependencies of ignition-fuel_tools4
[1.428s] -- Checking for module 'jsoncpp'
[1.453s] --   Found jsoncpp, version 1.9.5
[1.528s] -- Checking for module 'libzip'
[1.547s] --   Found libzip, version 1.7.3
[1.607s] -- Looking for ignition-common3 -- found version 3.14.0
[1.609s] -- Looking for ignition-math6 -- found version 6.15.1
[1.610s] -- Looking for ignition-msgs5 -- found version 5.8.1
[1.616s] -- Gazebo version: 11.10
[1.619s] -- Found geometry_msgs: 4.9.0 (/opt/ros/humble/share/geometry_msgs/cmake)
[1.650s] -- Found nav_msgs: 4.9.0 (/opt/ros/humble/share/nav_msgs/cmake)
[1.688s] -- Found tf2: 0.25.13 (/opt/ros/humble/share/tf2/cmake)
[1.698s] -- Found tf2_ros: 0.25.13 (/opt/ros/humble/share/tf2_ros/cmake)
[1.876s] -- Found tf2_geometry_msgs: 0.25.13 (/opt/ros/humble/share/tf2_geometry_msgs/cmake)
[1.884s] -- Found eigen3_cmake_module: 0.1.1 (/opt/ros/humble/share/eigen3_cmake_module/cmake)
[1.885s] -- Ensuring Eigen3 include directory is part of orocos-kdl CMake target
[1.952s] -- Configuring done
[1.986s] -- Generating done
[1.991s] -- Build files have been written to: /home/vedant/ros_ws/build/gz_rosa_control
[2.001s] Invoked command in '/home/vedant/ros_ws/build/gz_rosa_control' returned '0': CMAKE_PREFIX_PATH=/opt/ros/humble /usr/bin/cmake /home/vedant/ros_ws/src/gz_rosa_control -DCMAKE_INSTALL_PREFIX=/home/vedant/ros_ws/install/gz_rosa_control
[2.004s] Invoking command in '/home/vedant/ros_ws/build/gz_rosa_control': CMAKE_PREFIX_PATH=/opt/ros/humble /usr/bin/cmake --build /home/vedant/ros_ws/build/gz_rosa_control -- -j12 -l12
[2.054s] [35m[1mConsolidate compiler generated dependencies of target gazebo_ros_omni_drive[0m
[2.132s] [100%] Built target gazebo_ros_omni_drive
[2.143s] Invoked command in '/home/vedant/ros_ws/build/gz_rosa_control' returned '0': CMAKE_PREFIX_PATH=/opt/ros/humble /usr/bin/cmake --build /home/vedant/ros_ws/build/gz_rosa_control -- -j12 -l12
[2.155s] Invoking command in '/home/vedant/ros_ws/build/gz_rosa_control': CMAKE_PREFIX_PATH=/opt/ros/humble /usr/bin/cmake --install /home/vedant/ros_ws/build/gz_rosa_control
[2.164s] -- Install configuration: ""
[2.165s] -- Execute custom install script
[2.166s] -- Up-to-date symlink: /home/vedant/ros_ws/install/gz_rosa_control/lib/libgazebo_ros_omni_drive.so
[2.167s] -- Up-to-date symlink: /home/vedant/ros_ws/install/gz_rosa_control/share/gz_rosa_control/launch/omni_bot.launch.py
[2.167s] -- Up-to-date symlink: /home/vedant/ros_ws/install/gz_rosa_control/share/gz_rosa_control/urdf/omni_bot.urdf
[2.168s] -- Up-to-date symlink: /home/vedant/ros_ws/install/gz_rosa_control/share/gz_rosa_control/environment/library_path.sh
[2.168s] -- Up-to-date symlink: /home/vedant/ros_ws/install/gz_rosa_control/share/gz_rosa_control/environment/library_path.dsv
[2.168s] -- Up-to-date symlink: /home/vedant/ros_ws/install/gz_rosa_control/share/ament_index/resource_index/package_run_dependencies/gz_rosa_control
[2.168s] -- Up-to-date symlink: /home/vedant/ros_ws/install/gz_rosa_control/share/ament_index/resource_index/parent_prefix_path/gz_rosa_control
[2.168s] -- Up-to-date symlink: /home/vedant/ros_ws/install/gz_rosa_control/share/gz_rosa_control/environment/ament_prefix_path.sh
[2.168s] -- Up-to-date symlink: /home/vedant/ros_ws/install/gz_rosa_control/share/gz_rosa_control/environment/ament_prefix_path.dsv
[2.169s] -- Up-to-date symlink: /home/vedant/ros_ws/install/gz_rosa_control/share/gz_rosa_control/environment/path.sh
[2.169s] -- Up-to-date symlink: /home/vedant/ros_ws/install/gz_rosa_control/share/gz_rosa_control/environment/path.dsv
[2.169s] -- Up-to-date symlink: /home/vedant/ros_ws/install/gz_rosa_control/share/gz_rosa_control/local_setup.bash
[2.169s] -- Up-to-date symlink: /home/vedant/ros_ws/install/gz_rosa_control/share/gz_rosa_control/local_setup.sh
[2.169s] -- Up-to-date symlink: /home/vedant/ros_ws/install/gz_rosa_control/share/gz_rosa_control/local_setup.zsh
[2.169s] -- Up-to-date symlink: /home/vedant/ros_ws/install/gz_rosa_control/share/gz_rosa_control/local_setup.dsv
[2.170s] -- Symlinking: /home/vedant/ros_ws/install/gz_rosa_control/share/gz_rosa_control/package.dsv
[2.179s] -- Up-to-date symlink: /home/vedant/ros_ws/install/gz_rosa_control/share/ament_index/resource_index/packages/gz_rosa_control
[2.179s] -- Up-to-date symlink: /home/vedant/ros_ws/install/gz_rosa_control/share/gz_rosa_control/cmake/ament_cmake_export_libraries-extras.cmake
[2.180s] -- Up-to-date symlink: /home/vedant/ros_ws/install/gz_rosa_control/share/gz_rosa_control/cmake/gz_rosa_controlConfig.cmake
[2.180s] -- Up-to-date symlink: /home/vedant/ros_ws/install/gz_rosa_control/share/gz_rosa_control/cmake/gz_rosa_controlConfig-version.cmake
[2.180s] -- Up-to-date symlink: /home/vedant/ros_ws/install/gz_rosa_control/share/gz_rosa_control/package.xml
[2.182s] Invoked command in '/home/vedant/ros_ws/build/gz_rosa_control' returned '0': CMAKE_PREFIX_PATH=/opt/ros/humble /usr/bin/cmake --install /home/vedant/ros_ws/build/gz_rosa_control
