[0.753s] Invoking command in '/home/vedant/ros_ws/src/ball_tracker': PYTHONPATH=/home/vedant/ros_ws/build/ball_tracker/prefix_override:/usr/lib/python3/dist-packages/colcon_core/task/python/colcon_distutils_commands:/home/vedant/ros_ws/install/ball_tracker/lib/python3.10/site-packages:${PYTHONPATH} /usr/bin/python3 -W ignore:setup.py install is deprecated -W ignore:easy_install command is deprecated setup.py egg_info --egg-base ../../build/ball_tracker build --build-base /home/vedant/ros_ws/build/ball_tracker/build install --record /home/vedant/ros_ws/build/ball_tracker/install.log --single-version-externally-managed install_data
[0.959s] running egg_info
[0.960s] writing ../../build/ball_tracker/ball_tracker.egg-info/PKG-INFO
[0.963s] writing dependency_links to ../../build/ball_tracker/ball_tracker.egg-info/dependency_links.txt
[0.963s] writing entry points to ../../build/ball_tracker/ball_tracker.egg-info/entry_points.txt
[0.963s] writing requirements to ../../build/ball_tracker/ball_tracker.egg-info/requires.txt
[0.964s] writing top-level names to ../../build/ball_tracker/ball_tracker.egg-info/top_level.txt
[0.966s] reading manifest file '../../build/ball_tracker/ball_tracker.egg-info/SOURCES.txt'
[0.967s] writing manifest file '../../build/ball_tracker/ball_tracker.egg-info/SOURCES.txt'
[0.967s] running build
[0.968s] running build_py
[0.968s] copying ball_tracker/detect_ball.py -> /home/vedant/ros_ws/build/ball_tracker/build/lib/ball_tracker
[0.969s] copying ball_tracker/process_image.py -> /home/vedant/ros_ws/build/ball_tracker/build/lib/ball_tracker
[0.969s] running install
[0.969s] running install_lib
[0.972s] copying /home/vedant/ros_ws/build/ball_tracker/build/lib/ball_tracker/detect_ball.py -> /home/vedant/ros_ws/install/ball_tracker/lib/python3.10/site-packages/ball_tracker
[0.972s] copying /home/vedant/ros_ws/build/ball_tracker/build/lib/ball_tracker/process_image.py -> /home/vedant/ros_ws/install/ball_tracker/lib/python3.10/site-packages/ball_tracker
[0.973s] byte-compiling /home/vedant/ros_ws/install/ball_tracker/lib/python3.10/site-packages/ball_tracker/detect_ball.py to detect_ball.cpython-310.pyc
[0.975s] byte-compiling /home/vedant/ros_ws/install/ball_tracker/lib/python3.10/site-packages/ball_tracker/process_image.py to process_image.cpython-310.pyc
[0.977s] running install_data
[0.978s] running install_egg_info
[0.980s] removing '/home/vedant/ros_ws/install/ball_tracker/lib/python3.10/site-packages/ball_tracker-0.0.0-py3.10.egg-info' (and everything under it)
[0.980s] Copying ../../build/ball_tracker/ball_tracker.egg-info to /home/vedant/ros_ws/install/ball_tracker/lib/python3.10/site-packages/ball_tracker-0.0.0-py3.10.egg-info
[0.982s] running install_scripts
[1.004s] Installing detect_ball script to /home/vedant/ros_ws/install/ball_tracker/lib/ball_tracker
[1.006s] writing list of installed files to '/home/vedant/ros_ws/build/ball_tracker/install.log'
[1.033s] Invoked command in '/home/vedant/ros_ws/src/ball_tracker' returned '0': PYTHONPATH=/home/vedant/ros_ws/build/ball_tracker/prefix_override:/usr/lib/python3/dist-packages/colcon_core/task/python/colcon_distutils_commands:/home/vedant/ros_ws/install/ball_tracker/lib/python3.10/site-packages:${PYTHONPATH} /usr/bin/python3 -W ignore:setup.py install is deprecated -W ignore:easy_install command is deprecated setup.py egg_info --egg-base ../../build/ball_tracker build --build-base /home/vedant/ros_ws/build/ball_tracker/build install --record /home/vedant/ros_ws/build/ball_tracker/install.log --single-version-externally-managed install_data
