[0.219s] Invoking command in '/home/vedant/ros_ws/build/gz_rosa_control': CMAKE_PREFIX_PATH=/opt/ros/humble /usr/bin/cmake /home/vedant/ros_ws/src/gz_rosa_control -DAMENT_CMAKE_SYMLINK_INSTALL=1 -DCMAKE_INSTALL_PREFIX=/home/vedant/ros_ws/install/gz_rosa_control
[0.243s] -- Found ament_cmake: 1.3.11 (/opt/ros/humble/share/ament_cmake/cmake)
[0.400s] -- Override CMake install command with custom implementation using symlinks instead of copying resources
[0.418s] -- Found rclcpp: 16.0.12 (/opt/ros/humble/share/rclcpp/cmake)
[0.467s] -- Found rosidl_generator_c: 3.1.6 (/opt/ros/humble/share/rosidl_generator_c/cmake)
[0.470s] -- Found rosidl_adapter: 3.1.6 (/opt/ros/humble/share/rosidl_adapter/cmake)
[0.478s] -- Found rosidl_generator_cpp: 3.1.6 (/opt/ros/humble/share/rosidl_generator_cpp/cmake)
[0.493s] -- Using all available rosidl_typesupport_c: rosidl_typesupport_fastrtps_c;rosidl_typesupport_introspection_c
[0.510s] -- Using all available rosidl_typesupport_cpp: rosidl_typesupport_fastrtps_cpp;rosidl_typesupport_introspection_cpp
[0.559s] -- Found rmw_implementation_cmake: 6.1.2 (/opt/ros/humble/share/rmw_implementation_cmake/cmake)
[0.562s] -- Found rmw_fastrtps_cpp: 6.2.7 (/opt/ros/humble/share/rmw_fastrtps_cpp/cmake)
[0.702s] -- Using RMW implementation 'rmw_fastrtps_cpp' as default
[0.782s] -- Found gazebo_ros: 3.9.0 (/opt/ros/humble/share/gazebo_ros/cmake)
[0.837s] -- Found DART: /usr/include (Required is at least version "6.6") found components: dart 
[0.882s] -- Found Protobuf: /usr/lib/x86_64-linux-gnu/libprotobuf.so (found version "3.12.4") 
[0.886s] -- Looking for ignition-math6 -- found version 6.15.1
[0.894s] -- Searching for dependencies of ignition-math6
[0.897s] -- Looking for OGRE...
[0.906s] -- Found Ogre Ghadamon (1.9.0)
[0.907s] -- Found OGRE: optimized;/usr/lib/x86_64-linux-gnu/libOgreMain.so;debug;/usr/lib/x86_64-linux-gnu/libOgreMain.so
[0.921s] -- Looking for OGRE_Paging...
[0.922s] -- Found OGRE_Paging: optimized;/usr/lib/x86_64-linux-gnu/libOgrePaging.so;debug;/usr/lib/x86_64-linux-gnu/libOgrePaging.so
[0.922s] -- Looking for OGRE_Terrain...
[0.923s] -- Found OGRE_Terrain: optimized;/usr/lib/x86_64-linux-gnu/libOgreTerrain.so;debug;/usr/lib/x86_64-linux-gnu/libOgreTerrain.so
[0.923s] -- Looking for OGRE_Property...
[0.924s] -- Found OGRE_Property: optimized;/usr/lib/x86_64-linux-gnu/libOgreProperty.so;debug;/usr/lib/x86_64-linux-gnu/libOgreProperty.so
[0.924s] -- Looking for OGRE_RTShaderSystem...
[0.924s] -- Found OGRE_RTShaderSystem: optimized;/usr/lib/x86_64-linux-gnu/libOgreRTShaderSystem.so;debug;/usr/lib/x86_64-linux-gnu/libOgreRTShaderSystem.so
[0.924s] -- Looking for OGRE_Volume...
[0.924s] -- Found OGRE_Volume: optimized;/usr/lib/x86_64-linux-gnu/libOgreVolume.so;debug;/usr/lib/x86_64-linux-gnu/libOgreVolume.so
[0.924s] -- Looking for OGRE_Overlay...
[0.924s] -- Found OGRE_Overlay: optimized;/usr/lib/x86_64-linux-gnu/libOgreOverlay.so;debug;/usr/lib/x86_64-linux-gnu/libOgreOverlay.so
[1.029s] -- Looking for ignition-math6 -- found version 6.15.1
[1.031s] -- Looking for ignition-transport8 -- found version 8.2.1
[1.032s] -- Searching for dependencies of ignition-transport8
[1.053s] -- Found Protobuf: /usr/lib/x86_64-linux-gnu/libprotobuf.so (found suitable version "3.12.4", minimum required is "3") 
[1.068s] -- Config-file not installed for ZeroMQ -- checking for pkg-config
[1.075s] -- Checking for module 'libzmq >= 4'
[1.096s] --   Found libzmq , version 4.3.4
[1.157s] -- Checking for module 'uuid'
[1.175s] --   Found uuid, version 2.37.2
[1.223s] -- Looking for ignition-msgs5 -- found version 5.8.1
[1.223s] -- Searching for dependencies of ignition-msgs5
[1.243s] -- Looking for ignition-math6 -- found version 6.15.1
[1.250s] -- Checking for module 'tinyxml2'
[1.266s] --   Found tinyxml2, version 9.0.0
[1.317s] -- Looking for ignition-msgs5 -- found version 5.8.1
[1.318s] -- Looking for ignition-common3 -- found version 3.14.0
[1.319s] -- Searching for dependencies of ignition-common3
[1.319s] -- Looking for dlfcn.h - found
[1.319s] -- Looking for libdl - found
[1.338s] -- Searching for <ignition-common3> component [graphics]
[1.340s] -- Looking for ignition-common3-graphics -- found version 3.14.0
[1.340s] -- Searching for dependencies of ignition-common3-graphics
[1.341s] -- Looking for ignition-math6 -- found version 6.15.1
[1.343s] -- Looking for ignition-fuel_tools4 -- found version 4.4.0
[1.344s] -- Searching for dependencies of ignition-fuel_tools4
[1.384s] -- Checking for module 'jsoncpp'
[1.398s] --   Found jsoncpp, version 1.9.5
[1.454s] -- Checking for module 'libzip'
[1.469s] --   Found libzip, version 1.7.3
[1.516s] -- Looking for ignition-common3 -- found version 3.14.0
[1.517s] -- Looking for ignition-math6 -- found version 6.15.1
[1.517s] -- Looking for ignition-msgs5 -- found version 5.8.1
[1.523s] -- Gazebo version: 11.10
[1.526s] -- Found geometry_msgs: 4.9.0 (/opt/ros/humble/share/geometry_msgs/cmake)
[1.544s] -- Found nav_msgs: 4.9.0 (/opt/ros/humble/share/nav_msgs/cmake)
[1.563s] -- Found tf2: 0.25.13 (/opt/ros/humble/share/tf2/cmake)
[1.568s] -- Found tf2_ros: 0.25.13 (/opt/ros/humble/share/tf2_ros/cmake)
[1.656s] -- Found tf2_geometry_msgs: 0.25.13 (/opt/ros/humble/share/tf2_geometry_msgs/cmake)
[1.660s] -- Found eigen3_cmake_module: 0.1.1 (/opt/ros/humble/share/eigen3_cmake_module/cmake)
[1.662s] -- Ensuring Eigen3 include directory is part of orocos-kdl CMake target
[1.725s] -- Configuring done
[1.766s] -- Generating done
[1.772s] -- Build files have been written to: /home/vedant/ros_ws/build/gz_rosa_control
[1.782s] Invoked command in '/home/vedant/ros_ws/build/gz_rosa_control' returned '0': CMAKE_PREFIX_PATH=/opt/ros/humble /usr/bin/cmake /home/vedant/ros_ws/src/gz_rosa_control -DAMENT_CMAKE_SYMLINK_INSTALL=1 -DCMAKE_INSTALL_PREFIX=/home/vedant/ros_ws/install/gz_rosa_control
[1.785s] Invoking command in '/home/vedant/ros_ws/build/gz_rosa_control': CMAKE_PREFIX_PATH=/opt/ros/humble /usr/bin/cmake --build /home/vedant/ros_ws/build/gz_rosa_control -- -j12 -l12
[1.833s] [35m[1mConsolidate compiler generated dependencies of target gazebo_ros_omni_drive[0m
[1.898s] [100%] Built target gazebo_ros_omni_drive
[1.909s] Invoked command in '/home/vedant/ros_ws/build/gz_rosa_control' returned '0': CMAKE_PREFIX_PATH=/opt/ros/humble /usr/bin/cmake --build /home/vedant/ros_ws/build/gz_rosa_control -- -j12 -l12
[1.925s] Invoking command in '/home/vedant/ros_ws/build/gz_rosa_control': CMAKE_PREFIX_PATH=/opt/ros/humble /usr/bin/cmake --install /home/vedant/ros_ws/build/gz_rosa_control
[1.934s] -- Install configuration: ""
[1.934s] -- Execute custom install script
[1.936s] -- Up-to-date symlink: /home/vedant/ros_ws/install/gz_rosa_control/lib/libgazebo_ros_omni_drive.so
[1.937s] -- Up-to-date symlink: /home/vedant/ros_ws/install/gz_rosa_control/share/gz_rosa_control/launch/omni_bot.launch.py
[1.937s] -- Up-to-date symlink: /home/vedant/ros_ws/install/gz_rosa_control/share/gz_rosa_control/urdf/omni_bot.urdf
[1.938s] -- Up-to-date symlink: /home/vedant/ros_ws/install/gz_rosa_control/share/gz_rosa_control/environment/library_path.sh
[1.938s] -- Up-to-date symlink: /home/vedant/ros_ws/install/gz_rosa_control/share/gz_rosa_control/environment/library_path.dsv
[1.939s] -- Up-to-date symlink: /home/vedant/ros_ws/install/gz_rosa_control/share/ament_index/resource_index/package_run_dependencies/gz_rosa_control
[1.939s] -- Up-to-date symlink: /home/vedant/ros_ws/install/gz_rosa_control/share/ament_index/resource_index/parent_prefix_path/gz_rosa_control
[1.940s] -- Up-to-date symlink: /home/vedant/ros_ws/install/gz_rosa_control/share/gz_rosa_control/environment/ament_prefix_path.sh
[1.940s] -- Up-to-date symlink: /home/vedant/ros_ws/install/gz_rosa_control/share/gz_rosa_control/environment/ament_prefix_path.dsv
[1.941s] -- Up-to-date symlink: /home/vedant/ros_ws/install/gz_rosa_control/share/gz_rosa_control/environment/path.sh
[1.941s] -- Up-to-date symlink: /home/vedant/ros_ws/install/gz_rosa_control/share/gz_rosa_control/environment/path.dsv
[1.941s] -- Up-to-date symlink: /home/vedant/ros_ws/install/gz_rosa_control/share/gz_rosa_control/local_setup.bash
[1.942s] -- Up-to-date symlink: /home/vedant/ros_ws/install/gz_rosa_control/share/gz_rosa_control/local_setup.sh
[1.942s] -- Up-to-date symlink: /home/vedant/ros_ws/install/gz_rosa_control/share/gz_rosa_control/local_setup.zsh
[1.943s] -- Up-to-date symlink: /home/vedant/ros_ws/install/gz_rosa_control/share/gz_rosa_control/local_setup.dsv
[1.943s] -- Symlinking: /home/vedant/ros_ws/install/gz_rosa_control/share/gz_rosa_control/package.dsv
[1.953s] -- Up-to-date symlink: /home/vedant/ros_ws/install/gz_rosa_control/share/ament_index/resource_index/packages/gz_rosa_control
[1.953s] -- Up-to-date symlink: /home/vedant/ros_ws/install/gz_rosa_control/share/gz_rosa_control/cmake/ament_cmake_export_libraries-extras.cmake
[1.953s] -- Up-to-date symlink: /home/vedant/ros_ws/install/gz_rosa_control/share/gz_rosa_control/cmake/gz_rosa_controlConfig.cmake
[1.953s] -- Up-to-date symlink: /home/vedant/ros_ws/install/gz_rosa_control/share/gz_rosa_control/cmake/gz_rosa_controlConfig-version.cmake
[1.953s] -- Up-to-date symlink: /home/vedant/ros_ws/install/gz_rosa_control/share/gz_rosa_control/package.xml
[1.956s] Invoked command in '/home/vedant/ros_ws/build/gz_rosa_control' returned '0': CMAKE_PREFIX_PATH=/opt/ros/humble /usr/bin/cmake --install /home/vedant/ros_ws/build/gz_rosa_control
