[0.245s] Invoking command in '/home/vedant/ros_ws/build/gz_rosa_control': CMAKE_PREFIX_PATH=/opt/ros/humble /usr/bin/cmake --build /home/vedant/ros_ws/build/gz_rosa_control -- -j12 -l12
[0.320s] -- Found ament_cmake: 1.3.12 (/opt/ros/humble/share/ament_cmake/cmake)
[0.471s] -- Override CMake install command with custom implementation using symlinks instead of copying resources
[0.510s] -- Found rclcpp: 16.0.14 (/opt/ros/humble/share/rclcpp/cmake)
[0.557s] -- Found rosidl_generator_c: 3.1.7 (/opt/ros/humble/share/rosidl_generator_c/cmake)
[0.561s] -- Found rosidl_adapter: 3.1.7 (/opt/ros/humble/share/rosidl_adapter/cmake)
[0.572s] -- Found rosidl_generator_cpp: 3.1.7 (/opt/ros/humble/share/rosidl_generator_cpp/cmake)
[0.589s] -- Using all available rosidl_typesupport_c: rosidl_typesupport_fastrtps_c;rosidl_typesupport_introspection_c
[0.607s] -- Using all available rosidl_typesupport_cpp: rosidl_typesupport_fastrtps_cpp;rosidl_typesupport_introspection_cpp
[0.660s] -- Found rmw_implementation_cmake: 6.1.2 (/opt/ros/humble/share/rmw_implementation_cmake/cmake)
[0.662s] -- Found rmw_fastrtps_cpp: 6.2.8 (/opt/ros/humble/share/rmw_fastrtps_cpp/cmake)
[0.799s] -- Using RMW implementation 'rmw_fastrtps_cpp' as default
[0.875s] -- Found gazebo_ros: 3.9.0 (/opt/ros/humble/share/gazebo_ros/cmake)
[0.927s] -- Found DART: /usr/include (Required is at least version "6.6") found components: dart 
[0.975s] -- Found Protobuf: /usr/lib/x86_64-linux-gnu/libprotobuf.so (found version "3.12.4") 
[0.977s] [31mCMake Error at /usr/lib/x86_64-linux-gnu/cmake/sdformat9/sdformat9-targets.cmake:90 (message):
[0.977s]   The imported target "sdformat9::sdformat9" references the file
[0.977s] 
[0.977s]      "/usr/lib/x86_64-linux-gnu/libsdformat9.so.9.10.1"
[0.977s] 
[0.978s]   but this file does not exist.  Possible reasons include:
[0.978s] 
[0.978s]   * The file was deleted, renamed, or moved to another location.
[0.978s] 
[0.978s]   * An install or uninstall procedure did not complete successfully.
[0.978s] 
[0.978s]   * The installation package was faulty and contained
[0.978s] 
[0.978s]      "/usr/lib/x86_64-linux-gnu/cmake/sdformat9/sdformat9-targets.cmake"
[0.978s] 
[0.978s]   but not all the files it references.
[0.979s] 
[0.979s] Call Stack (most recent call first):
[0.979s]   /usr/lib/x86_64-linux-gnu/cmake/sdformat9/sdformat9-config.cmake:41 (include)
[0.979s]   /usr/lib/x86_64-linux-gnu/cmake/gazebo/gazebo-config.cmake:208 (find_package)
[0.979s]   /opt/ros/humble/share/gazebo_dev/cmake/gazebo_dev-extras.cmake:3 (find_package)
[0.979s]   /opt/ros/humble/share/gazebo_dev/cmake/gazebo_devConfig.cmake:41 (include)
[0.979s]   /opt/ros/humble/share/gazebo_ros/cmake/ament_cmake_export_dependencies-extras.cmake:21 (find_package)
[0.979s]   /opt/ros/humble/share/gazebo_ros/cmake/gazebo_rosConfig.cmake:41 (include)
[0.979s]   CMakeLists.txt:12 (find_package)
[0.979s] 
[0.980s] [0m
[0.980s] -- Configuring incomplete, errors occurred!
[0.980s] See also "/home/vedant/ros_ws/build/gz_rosa_control/CMakeFiles/CMakeOutput.log".
[0.988s] gmake: *** [Makefile:267: cmake_check_build_system] Error 1
[0.991s] Invoked command in '/home/vedant/ros_ws/build/gz_rosa_control' returned '2': CMAKE_PREFIX_PATH=/opt/ros/humble /usr/bin/cmake --build /home/vedant/ros_ws/build/gz_rosa_control -- -j12 -l12
