[100%] Built target gazebo_ros_omni_drive
-- Install configuration: ""
-- Up-to-date: /home/vedant/ros_ws/install/gz_rosa_control/lib/libgazebo_ros_omni_drive.so
-- Up-to-date: /home/vedant/ros_ws/install/gz_rosa_control/share/gz_rosa_control/launch
-- Up-to-date: /home/vedant/ros_ws/install/gz_rosa_control/share/gz_rosa_control/launch/omni_bot.launch.py
-- Up-to-date: /home/vedant/ros_ws/install/gz_rosa_control/share/gz_rosa_control/urdf
-- Up-to-date: /home/vedant/ros_ws/install/gz_rosa_control/share/gz_rosa_control/urdf/build
-- Up-to-date: /home/vedant/ros_ws/install/gz_rosa_control/share/gz_rosa_control/urdf/build/COLCON_IGNORE
-- Up-to-date: /home/vedant/ros_ws/install/gz_rosa_control/share/gz_rosa_control/urdf/build/.built_by
-- Up-to-date: /home/vedant/ros_ws/install/gz_rosa_control/share/gz_rosa_control/urdf/log
-- Up-to-date: /home/vedant/ros_ws/install/gz_rosa_control/share/gz_rosa_control/urdf/log/COLCON_IGNORE
-- Up-to-date: /home/vedant/ros_ws/install/gz_rosa_control/share/gz_rosa_control/urdf/log/latest_build
-- Up-to-date: /home/vedant/ros_ws/install/gz_rosa_control/share/gz_rosa_control/urdf/log/build_2025-07-08_23-42-00
-- Up-to-date: /home/vedant/ros_ws/install/gz_rosa_control/share/gz_rosa_control/urdf/log/build_2025-07-08_23-42-00/events.log
-- Up-to-date: /home/vedant/ros_ws/install/gz_rosa_control/share/gz_rosa_control/urdf/log/build_2025-07-08_23-42-00/logger_all.log
-- Up-to-date: /home/vedant/ros_ws/install/gz_rosa_control/share/gz_rosa_control/urdf/log/latest
-- Up-to-date: /home/vedant/ros_ws/install/gz_rosa_control/share/gz_rosa_control/urdf/install
-- Up-to-date: /home/vedant/ros_ws/install/gz_rosa_control/share/gz_rosa_control/urdf/install/COLCON_IGNORE
-- Up-to-date: /home/vedant/ros_ws/install/gz_rosa_control/share/gz_rosa_control/urdf/install/local_setup.sh
-- Up-to-date: /home/vedant/ros_ws/install/gz_rosa_control/share/gz_rosa_control/urdf/install/_local_setup_util_ps1.py
-- Up-to-date: /home/vedant/ros_ws/install/gz_rosa_control/share/gz_rosa_control/urdf/install/local_setup.zsh
-- Up-to-date: /home/vedant/ros_ws/install/gz_rosa_control/share/gz_rosa_control/urdf/install/.colcon_install_layout
-- Up-to-date: /home/vedant/ros_ws/install/gz_rosa_control/share/gz_rosa_control/urdf/install/_local_setup_util_sh.py
-- Up-to-date: /home/vedant/ros_ws/install/gz_rosa_control/share/gz_rosa_control/urdf/install/setup.sh
-- Up-to-date: /home/vedant/ros_ws/install/gz_rosa_control/share/gz_rosa_control/urdf/install/local_setup.ps1
-- Up-to-date: /home/vedant/ros_ws/install/gz_rosa_control/share/gz_rosa_control/urdf/install/setup.bash
-- Up-to-date: /home/vedant/ros_ws/install/gz_rosa_control/share/gz_rosa_control/urdf/install/local_setup.bash
-- Up-to-date: /home/vedant/ros_ws/install/gz_rosa_control/share/gz_rosa_control/urdf/install/setup.zsh
-- Up-to-date: /home/vedant/ros_ws/install/gz_rosa_control/share/gz_rosa_control/urdf/install/setup.ps1
-- Up-to-date: /home/vedant/ros_ws/install/gz_rosa_control/share/gz_rosa_control/urdf/omni_bot.urdf
-- Up-to-date: /home/vedant/ros_ws/install/gz_rosa_control/share/gz_rosa_control/environment/library_path.sh
-- Up-to-date: /home/vedant/ros_ws/install/gz_rosa_control/share/gz_rosa_control/environment/library_path.dsv
-- Up-to-date: /home/vedant/ros_ws/install/gz_rosa_control/share/ament_index/resource_index/package_run_dependencies/gz_rosa_control
-- Up-to-date: /home/vedant/ros_ws/install/gz_rosa_control/share/ament_index/resource_index/parent_prefix_path/gz_rosa_control
-- Up-to-date: /home/vedant/ros_ws/install/gz_rosa_control/share/gz_rosa_control/environment/ament_prefix_path.sh
-- Up-to-date: /home/vedant/ros_ws/install/gz_rosa_control/share/gz_rosa_control/environment/ament_prefix_path.dsv
-- Up-to-date: /home/vedant/ros_ws/install/gz_rosa_control/share/gz_rosa_control/environment/path.sh
-- Up-to-date: /home/vedant/ros_ws/install/gz_rosa_control/share/gz_rosa_control/environment/path.dsv
-- Up-to-date: /home/vedant/ros_ws/install/gz_rosa_control/share/gz_rosa_control/local_setup.bash
-- Up-to-date: /home/vedant/ros_ws/install/gz_rosa_control/share/gz_rosa_control/local_setup.sh
-- Up-to-date: /home/vedant/ros_ws/install/gz_rosa_control/share/gz_rosa_control/local_setup.zsh
-- Up-to-date: /home/vedant/ros_ws/install/gz_rosa_control/share/gz_rosa_control/local_setup.dsv
-- Installing: /home/vedant/ros_ws/install/gz_rosa_control/share/gz_rosa_control/package.dsv
-- Up-to-date: /home/vedant/ros_ws/install/gz_rosa_control/share/ament_index/resource_index/packages/gz_rosa_control
-- Up-to-date: /home/vedant/ros_ws/install/gz_rosa_control/share/gz_rosa_control/cmake/ament_cmake_export_libraries-extras.cmake
-- Up-to-date: /home/vedant/ros_ws/install/gz_rosa_control/share/gz_rosa_control/cmake/gz_rosa_controlConfig.cmake
-- Up-to-date: /home/vedant/ros_ws/install/gz_rosa_control/share/gz_rosa_control/cmake/gz_rosa_controlConfig-version.cmake
-- Up-to-date: /home/vedant/ros_ws/install/gz_rosa_control/share/gz_rosa_control/package.xml
