[0.069s] DEBUG:colcon:Command line arguments: ['/usr/bin/colcon', 'build']
[0.069s] DEBUG:colcon:Parsed command line arguments: Namespace(log_base=None, log_level=None, verb_name='build', build_base='build', install_base='install', merge_install=False, symlink_install=False, test_result_base=None, continue_on_error=False, executor='parallel', parallel_workers=12, event_handlers=None, ignore_user_meta=False, metas=['./colcon.meta'], base_paths=['.'], packages_ignore=None, packages_ignore_regex=None, paths=None, packages_up_to=None, packages_up_to_regex=None, packages_above=None, packages_above_and_dependencies=None, packages_above_depth=None, packages_select_by_dep=None, packages_skip_by_dep=None, packages_skip_up_to=None, packages_select_build_failed=False, packages_skip_build_finished=False, packages_select_test_failures=False, packages_skip_test_passed=False, packages_select=None, packages_skip=None, packages_select_regex=None, packages_skip_regex=None, packages_start=None, packages_end=None, allow_overriding=[], cmake_args=None, cmake_target=None, cmake_target_skip_unavailable=False, cmake_clean_cache=False, cmake_clean_first=False, cmake_force_configure=False, ament_cmake_args=None, catkin_cmake_args=None, catkin_skip_building_tests=False, verb_parser=<colcon_defaults.argument_parser.defaults.DefaultArgumentsDecorator object at 0x7460d9764d30>, verb_extension=<colcon_core.verb.build.BuildVerb object at 0x7460d9764790>, main=<bound method BuildVerb.main of <colcon_core.verb.build.BuildVerb object at 0x7460d9764790>>)
[0.178s] Level 1:colcon.colcon_core.package_discovery:discover_packages(colcon_meta) check parameters
[0.178s] Level 1:colcon.colcon_core.package_discovery:discover_packages(recursive) check parameters
[0.178s] Level 1:colcon.colcon_core.package_discovery:discover_packages(ignore) check parameters
[0.178s] Level 1:colcon.colcon_core.package_discovery:discover_packages(path) check parameters
[0.178s] Level 1:colcon.colcon_core.package_discovery:discover_packages(colcon_meta) discover
[0.178s] Level 1:colcon.colcon_core.package_discovery:discover_packages(recursive) discover
[0.178s] INFO:colcon.colcon_core.package_discovery:Crawling recursively for packages in '/home/vedant/ros_ws'
[0.178s] Level 1:colcon.colcon_core.package_identification:_identify(.) by extensions ['ignore', 'ignore_ament_install']
[0.178s] Level 1:colcon.colcon_core.package_identification:_identify(.) by extension 'ignore'
[0.178s] Level 1:colcon.colcon_core.package_identification:_identify(.) by extension 'ignore_ament_install'
[0.178s] Level 1:colcon.colcon_core.package_identification:_identify(.) by extensions ['colcon_pkg']
[0.178s] Level 1:colcon.colcon_core.package_identification:_identify(.) by extension 'colcon_pkg'
[0.178s] Level 1:colcon.colcon_core.package_identification:_identify(.) by extensions ['colcon_meta']
[0.178s] Level 1:colcon.colcon_core.package_identification:_identify(.) by extension 'colcon_meta'
[0.178s] Level 1:colcon.colcon_core.package_identification:_identify(.) by extensions ['ros']
[0.178s] Level 1:colcon.colcon_core.package_identification:_identify(.) by extension 'ros'
[0.187s] Level 1:colcon.colcon_core.package_identification:_identify(.) by extensions ['cmake', 'python']
[0.187s] Level 1:colcon.colcon_core.package_identification:_identify(.) by extension 'cmake'
[0.187s] Level 1:colcon.colcon_core.package_identification:_identify(.) by extension 'python'
[0.187s] Level 1:colcon.colcon_core.package_identification:_identify(.) by extensions ['python_setup_py']
[0.187s] Level 1:colcon.colcon_core.package_identification:_identify(.) by extension 'python_setup_py'
[0.187s] Level 1:colcon.colcon_core.package_identification:_identify(build) by extensions ['ignore', 'ignore_ament_install']
[0.187s] Level 1:colcon.colcon_core.package_identification:_identify(build) by extension 'ignore'
[0.187s] Level 1:colcon.colcon_core.package_identification:_identify(build) ignored
[0.187s] Level 1:colcon.colcon_core.package_identification:_identify(install) by extensions ['ignore', 'ignore_ament_install']
[0.187s] Level 1:colcon.colcon_core.package_identification:_identify(install) by extension 'ignore'
[0.187s] Level 1:colcon.colcon_core.package_identification:_identify(install) ignored
[0.188s] Level 1:colcon.colcon_core.package_identification:_identify(log) by extensions ['ignore', 'ignore_ament_install']
[0.188s] Level 1:colcon.colcon_core.package_identification:_identify(log) by extension 'ignore'
[0.188s] Level 1:colcon.colcon_core.package_identification:_identify(log) ignored
[0.188s] Level 1:colcon.colcon_core.package_identification:_identify(src) by extensions ['ignore', 'ignore_ament_install']
[0.188s] Level 1:colcon.colcon_core.package_identification:_identify(src) by extension 'ignore'
[0.188s] Level 1:colcon.colcon_core.package_identification:_identify(src) by extension 'ignore_ament_install'
[0.188s] Level 1:colcon.colcon_core.package_identification:_identify(src) by extensions ['colcon_pkg']
[0.188s] Level 1:colcon.colcon_core.package_identification:_identify(src) by extension 'colcon_pkg'
[0.188s] Level 1:colcon.colcon_core.package_identification:_identify(src) by extensions ['colcon_meta']
[0.188s] Level 1:colcon.colcon_core.package_identification:_identify(src) by extension 'colcon_meta'
[0.188s] Level 1:colcon.colcon_core.package_identification:_identify(src) by extensions ['ros']
[0.188s] Level 1:colcon.colcon_core.package_identification:_identify(src) by extension 'ros'
[0.188s] Level 1:colcon.colcon_core.package_identification:_identify(src) by extensions ['cmake', 'python']
[0.188s] Level 1:colcon.colcon_core.package_identification:_identify(src) by extension 'cmake'
[0.188s] Level 1:colcon.colcon_core.package_identification:_identify(src) by extension 'python'
[0.188s] Level 1:colcon.colcon_core.package_identification:_identify(src) by extensions ['python_setup_py']
[0.188s] Level 1:colcon.colcon_core.package_identification:_identify(src) by extension 'python_setup_py'
[0.188s] Level 1:colcon.colcon_core.package_identification:_identify(src/ball_tracker) by extensions ['ignore', 'ignore_ament_install']
[0.188s] Level 1:colcon.colcon_core.package_identification:_identify(src/ball_tracker) by extension 'ignore'
[0.188s] Level 1:colcon.colcon_core.package_identification:_identify(src/ball_tracker) by extension 'ignore_ament_install'
[0.188s] Level 1:colcon.colcon_core.package_identification:_identify(src/ball_tracker) by extensions ['colcon_pkg']
[0.188s] Level 1:colcon.colcon_core.package_identification:_identify(src/ball_tracker) by extension 'colcon_pkg'
[0.188s] Level 1:colcon.colcon_core.package_identification:_identify(src/ball_tracker) by extensions ['colcon_meta']
[0.188s] Level 1:colcon.colcon_core.package_identification:_identify(src/ball_tracker) by extension 'colcon_meta'
[0.188s] Level 1:colcon.colcon_core.package_identification:_identify(src/ball_tracker) by extensions ['ros']
[0.188s] Level 1:colcon.colcon_core.package_identification:_identify(src/ball_tracker) by extension 'ros'
[0.190s] DEBUG:colcon.colcon_core.package_identification:Package 'src/ball_tracker' with type 'ros.ament_python' and name 'ball_tracker'
[0.190s] Level 1:colcon.colcon_core.package_identification:_identify(src/gz_rosa_control) by extensions ['ignore', 'ignore_ament_install']
[0.190s] Level 1:colcon.colcon_core.package_identification:_identify(src/gz_rosa_control) by extension 'ignore'
[0.190s] Level 1:colcon.colcon_core.package_identification:_identify(src/gz_rosa_control) by extension 'ignore_ament_install'
[0.190s] Level 1:colcon.colcon_core.package_identification:_identify(src/gz_rosa_control) by extensions ['colcon_pkg']
[0.191s] Level 1:colcon.colcon_core.package_identification:_identify(src/gz_rosa_control) by extension 'colcon_pkg'
[0.191s] Level 1:colcon.colcon_core.package_identification:_identify(src/gz_rosa_control) by extensions ['colcon_meta']
[0.191s] Level 1:colcon.colcon_core.package_identification:_identify(src/gz_rosa_control) by extension 'colcon_meta'
[0.191s] Level 1:colcon.colcon_core.package_identification:_identify(src/gz_rosa_control) by extensions ['ros']
[0.191s] Level 1:colcon.colcon_core.package_identification:_identify(src/gz_rosa_control) by extension 'ros'
[0.192s] DEBUG:colcon.colcon_core.package_identification:Package 'src/gz_rosa_control' with type 'ros.ament_cmake' and name 'gz_rosa_control'
[0.192s] Level 1:colcon.colcon_core.package_discovery:discover_packages(recursive) using defaults
[0.192s] Level 1:colcon.colcon_core.package_discovery:discover_packages(ignore) discover
[0.192s] Level 1:colcon.colcon_core.package_discovery:discover_packages(ignore) using defaults
[0.192s] Level 1:colcon.colcon_core.package_discovery:discover_packages(path) discover
[0.192s] Level 1:colcon.colcon_core.package_discovery:discover_packages(path) using defaults
[0.215s] Level 1:colcon.colcon_core.package_discovery:discover_packages(prefix_path) check parameters
[0.215s] Level 1:colcon.colcon_core.package_discovery:discover_packages(prefix_path) discover
[0.216s] DEBUG:colcon.colcon_installed_package_information.package_discovery:Found 2 installed packages in /home/vedant/ros_ws/install
[0.217s] DEBUG:colcon.colcon_installed_package_information.package_discovery:Found 366 installed packages in /opt/ros/humble
[0.218s] Level 1:colcon.colcon_core.package_discovery:discover_packages(prefix_path) using defaults
[0.254s] Level 5:colcon.colcon_core.verb:set package 'ball_tracker' build argument 'cmake_args' from command line to 'None'
[0.254s] Level 5:colcon.colcon_core.verb:set package 'ball_tracker' build argument 'cmake_target' from command line to 'None'
[0.254s] Level 5:colcon.colcon_core.verb:set package 'ball_tracker' build argument 'cmake_target_skip_unavailable' from command line to 'False'
[0.254s] Level 5:colcon.colcon_core.verb:set package 'ball_tracker' build argument 'cmake_clean_cache' from command line to 'False'
[0.254s] Level 5:colcon.colcon_core.verb:set package 'ball_tracker' build argument 'cmake_clean_first' from command line to 'False'
[0.254s] Level 5:colcon.colcon_core.verb:set package 'ball_tracker' build argument 'cmake_force_configure' from command line to 'False'
[0.254s] Level 5:colcon.colcon_core.verb:set package 'ball_tracker' build argument 'ament_cmake_args' from command line to 'None'
[0.254s] Level 5:colcon.colcon_core.verb:set package 'ball_tracker' build argument 'catkin_cmake_args' from command line to 'None'
[0.254s] Level 5:colcon.colcon_core.verb:set package 'ball_tracker' build argument 'catkin_skip_building_tests' from command line to 'False'
[0.254s] DEBUG:colcon.colcon_core.verb:Building package 'ball_tracker' with the following arguments: {'ament_cmake_args': None, 'build_base': '/home/vedant/ros_ws/build/ball_tracker', 'catkin_cmake_args': None, 'catkin_skip_building_tests': False, 'cmake_args': None, 'cmake_clean_cache': False, 'cmake_clean_first': False, 'cmake_force_configure': False, 'cmake_target': None, 'cmake_target_skip_unavailable': False, 'install_base': '/home/vedant/ros_ws/install/ball_tracker', 'merge_install': False, 'path': '/home/vedant/ros_ws/src/ball_tracker', 'symlink_install': False, 'test_result_base': None}
[0.254s] Level 5:colcon.colcon_core.verb:set package 'gz_rosa_control' build argument 'cmake_args' from command line to 'None'
[0.254s] Level 5:colcon.colcon_core.verb:set package 'gz_rosa_control' build argument 'cmake_target' from command line to 'None'
[0.254s] Level 5:colcon.colcon_core.verb:set package 'gz_rosa_control' build argument 'cmake_target_skip_unavailable' from command line to 'False'
[0.254s] Level 5:colcon.colcon_core.verb:set package 'gz_rosa_control' build argument 'cmake_clean_cache' from command line to 'False'
[0.254s] Level 5:colcon.colcon_core.verb:set package 'gz_rosa_control' build argument 'cmake_clean_first' from command line to 'False'
[0.254s] Level 5:colcon.colcon_core.verb:set package 'gz_rosa_control' build argument 'cmake_force_configure' from command line to 'False'
[0.254s] Level 5:colcon.colcon_core.verb:set package 'gz_rosa_control' build argument 'ament_cmake_args' from command line to 'None'
[0.254s] Level 5:colcon.colcon_core.verb:set package 'gz_rosa_control' build argument 'catkin_cmake_args' from command line to 'None'
[0.254s] Level 5:colcon.colcon_core.verb:set package 'gz_rosa_control' build argument 'catkin_skip_building_tests' from command line to 'False'
[0.254s] DEBUG:colcon.colcon_core.verb:Building package 'gz_rosa_control' with the following arguments: {'ament_cmake_args': None, 'build_base': '/home/vedant/ros_ws/build/gz_rosa_control', 'catkin_cmake_args': None, 'catkin_skip_building_tests': False, 'cmake_args': None, 'cmake_clean_cache': False, 'cmake_clean_first': False, 'cmake_force_configure': False, 'cmake_target': None, 'cmake_target_skip_unavailable': False, 'install_base': '/home/vedant/ros_ws/install/gz_rosa_control', 'merge_install': False, 'path': '/home/vedant/ros_ws/src/gz_rosa_control', 'symlink_install': False, 'test_result_base': None}
[0.254s] INFO:colcon.colcon_core.executor:Executing jobs using 'parallel' executor
[0.256s] DEBUG:colcon.colcon_parallel_executor.executor.parallel:run_until_complete
[0.256s] INFO:colcon.colcon_ros.task.ament_python.build:Building ROS package in '/home/vedant/ros_ws/src/ball_tracker' with build type 'ament_python'
[0.256s] Level 1:colcon.colcon_core.shell:create_environment_hook('ball_tracker', 'ament_prefix_path')
[0.258s] INFO:colcon.colcon_core.plugin_system:Skipping extension 'colcon_core.shell.bat': Not used on non-Windows systems
[0.258s] INFO:colcon.colcon_core.shell:Creating environment hook '/home/vedant/ros_ws/install/ball_tracker/share/ball_tracker/hook/ament_prefix_path.ps1'
[0.258s] INFO:colcon.colcon_core.shell:Creating environment descriptor '/home/vedant/ros_ws/install/ball_tracker/share/ball_tracker/hook/ament_prefix_path.dsv'
[0.259s] INFO:colcon.colcon_core.shell:Creating environment hook '/home/vedant/ros_ws/install/ball_tracker/share/ball_tracker/hook/ament_prefix_path.sh'
[0.259s] INFO:colcon.colcon_core.shell:Skip shell extension 'powershell' for command environment: Not usable outside of PowerShell
[0.259s] DEBUG:colcon.colcon_core.shell:Skip shell extension 'dsv' for command environment
[0.263s] INFO:colcon.colcon_ros.task.ament_cmake.build:Building ROS package in '/home/vedant/ros_ws/src/gz_rosa_control' with build type 'ament_cmake'
[0.263s] INFO:colcon.colcon_cmake.task.cmake.build:Building CMake package in '/home/vedant/ros_ws/src/gz_rosa_control'
[0.263s] INFO:colcon.colcon_core.shell:Skip shell extension 'powershell' for command environment: Not usable outside of PowerShell
[0.263s] DEBUG:colcon.colcon_core.shell:Skip shell extension 'dsv' for command environment
[0.454s] INFO:colcon.colcon_core.task.python.build:Building Python package in '/home/vedant/ros_ws/src/ball_tracker'
[0.455s] INFO:colcon.colcon_core.shell:Skip shell extension 'powershell' for command environment: Not usable outside of PowerShell
[0.455s] DEBUG:colcon.colcon_core.shell:Skip shell extension 'dsv' for command environment
[0.464s] DEBUG:colcon.colcon_core.event_handler.log_command:Invoking command in '/home/vedant/ros_ws/build/gz_rosa_control': CMAKE_PREFIX_PATH=${CMAKE_PREFIX_PATH}:/home/vedant/ros_ws/install/ball_tracker:/opt/ros/humble /usr/bin/cmake --build /home/vedant/ros_ws/build/gz_rosa_control -- -j12 -l12
[0.559s] DEBUG:colcon.colcon_core.event_handler.log_command:Invoked command in '/home/vedant/ros_ws/build/gz_rosa_control' returned '0': CMAKE_PREFIX_PATH=${CMAKE_PREFIX_PATH}:/home/vedant/ros_ws/install/ball_tracker:/opt/ros/humble /usr/bin/cmake --build /home/vedant/ros_ws/build/gz_rosa_control -- -j12 -l12
[0.572s] DEBUG:colcon.colcon_core.event_handler.log_command:Invoking command in '/home/vedant/ros_ws/build/gz_rosa_control': CMAKE_PREFIX_PATH=${CMAKE_PREFIX_PATH}:/home/vedant/ros_ws/install/ball_tracker:/opt/ros/humble /usr/bin/cmake --install /home/vedant/ros_ws/build/gz_rosa_control
[0.584s] Level 1:colcon.colcon_core.environment:create_environment_scripts_only(gz_rosa_control)
[0.587s] DEBUG:colcon.colcon_core.event_handler.log_command:Invoked command in '/home/vedant/ros_ws/build/gz_rosa_control' returned '0': CMAKE_PREFIX_PATH=${CMAKE_PREFIX_PATH}:/home/vedant/ros_ws/install/ball_tracker:/opt/ros/humble /usr/bin/cmake --install /home/vedant/ros_ws/build/gz_rosa_control
[0.590s] Level 1:colcon.colcon_core.environment:checking '/home/vedant/ros_ws/install/gz_rosa_control' for CMake module files
[0.590s] Level 1:colcon.colcon_core.environment:checking '/home/vedant/ros_ws/install/gz_rosa_control' for CMake config files
[0.591s] Level 1:colcon.colcon_core.shell:create_environment_hook('gz_rosa_control', 'cmake_prefix_path')
[0.591s] INFO:colcon.colcon_core.shell:Creating environment hook '/home/vedant/ros_ws/install/gz_rosa_control/share/gz_rosa_control/hook/cmake_prefix_path.ps1'
[0.592s] INFO:colcon.colcon_core.shell:Creating environment descriptor '/home/vedant/ros_ws/install/gz_rosa_control/share/gz_rosa_control/hook/cmake_prefix_path.dsv'
[0.592s] INFO:colcon.colcon_core.shell:Creating environment hook '/home/vedant/ros_ws/install/gz_rosa_control/share/gz_rosa_control/hook/cmake_prefix_path.sh'
[0.594s] Level 1:colcon.colcon_core.environment:checking '/home/vedant/ros_ws/install/gz_rosa_control/lib'
[0.594s] Level 1:colcon.colcon_core.shell:create_environment_hook('gz_rosa_control', 'ld_library_path_lib')
[0.594s] INFO:colcon.colcon_core.shell:Creating environment hook '/home/vedant/ros_ws/install/gz_rosa_control/share/gz_rosa_control/hook/ld_library_path_lib.ps1'
[0.594s] INFO:colcon.colcon_core.shell:Creating environment descriptor '/home/vedant/ros_ws/install/gz_rosa_control/share/gz_rosa_control/hook/ld_library_path_lib.dsv'
[0.595s] INFO:colcon.colcon_core.shell:Creating environment hook '/home/vedant/ros_ws/install/gz_rosa_control/share/gz_rosa_control/hook/ld_library_path_lib.sh'
[0.595s] Level 1:colcon.colcon_core.environment:checking '/home/vedant/ros_ws/install/gz_rosa_control/bin'
[0.595s] Level 1:colcon.colcon_core.environment:checking '/home/vedant/ros_ws/install/gz_rosa_control/lib/pkgconfig/gz_rosa_control.pc'
[0.595s] Level 1:colcon.colcon_core.environment:checking '/home/vedant/ros_ws/install/gz_rosa_control/lib/python3.10/site-packages'
[0.596s] Level 1:colcon.colcon_core.environment:checking '/home/vedant/ros_ws/install/gz_rosa_control/bin'
[0.596s] INFO:colcon.colcon_core.shell:Creating package script '/home/vedant/ros_ws/install/gz_rosa_control/share/gz_rosa_control/package.ps1'
[0.597s] INFO:colcon.colcon_core.shell:Creating package descriptor '/home/vedant/ros_ws/install/gz_rosa_control/share/gz_rosa_control/package.dsv'
[0.597s] INFO:colcon.colcon_core.shell:Creating package script '/home/vedant/ros_ws/install/gz_rosa_control/share/gz_rosa_control/package.sh'
[0.598s] INFO:colcon.colcon_core.shell:Creating package script '/home/vedant/ros_ws/install/gz_rosa_control/share/gz_rosa_control/package.bash'
[0.598s] INFO:colcon.colcon_core.shell:Creating package script '/home/vedant/ros_ws/install/gz_rosa_control/share/gz_rosa_control/package.zsh'
[0.599s] Level 1:colcon.colcon_core.environment:create_file_with_runtime_dependencies(/home/vedant/ros_ws/install/gz_rosa_control/share/colcon-core/packages/gz_rosa_control)
[0.600s] Level 1:colcon.colcon_core.environment:create_environment_scripts_only(gz_rosa_control)
[0.600s] Level 1:colcon.colcon_core.environment:checking '/home/vedant/ros_ws/install/gz_rosa_control' for CMake module files
[0.600s] Level 1:colcon.colcon_core.environment:checking '/home/vedant/ros_ws/install/gz_rosa_control' for CMake config files
[0.600s] Level 1:colcon.colcon_core.shell:create_environment_hook('gz_rosa_control', 'cmake_prefix_path')
[0.601s] INFO:colcon.colcon_core.shell:Creating environment hook '/home/vedant/ros_ws/install/gz_rosa_control/share/gz_rosa_control/hook/cmake_prefix_path.ps1'
[0.601s] INFO:colcon.colcon_core.shell:Creating environment descriptor '/home/vedant/ros_ws/install/gz_rosa_control/share/gz_rosa_control/hook/cmake_prefix_path.dsv'
[0.601s] INFO:colcon.colcon_core.shell:Creating environment hook '/home/vedant/ros_ws/install/gz_rosa_control/share/gz_rosa_control/hook/cmake_prefix_path.sh'
[0.602s] Level 1:colcon.colcon_core.environment:checking '/home/vedant/ros_ws/install/gz_rosa_control/lib'
[0.602s] Level 1:colcon.colcon_core.shell:create_environment_hook('gz_rosa_control', 'ld_library_path_lib')
[0.602s] INFO:colcon.colcon_core.shell:Creating environment hook '/home/vedant/ros_ws/install/gz_rosa_control/share/gz_rosa_control/hook/ld_library_path_lib.ps1'
[0.602s] INFO:colcon.colcon_core.shell:Creating environment descriptor '/home/vedant/ros_ws/install/gz_rosa_control/share/gz_rosa_control/hook/ld_library_path_lib.dsv'
[0.603s] INFO:colcon.colcon_core.shell:Creating environment hook '/home/vedant/ros_ws/install/gz_rosa_control/share/gz_rosa_control/hook/ld_library_path_lib.sh'
[0.603s] Level 1:colcon.colcon_core.environment:checking '/home/vedant/ros_ws/install/gz_rosa_control/bin'
[0.603s] Level 1:colcon.colcon_core.environment:checking '/home/vedant/ros_ws/install/gz_rosa_control/lib/pkgconfig/gz_rosa_control.pc'
[0.603s] Level 1:colcon.colcon_core.environment:checking '/home/vedant/ros_ws/install/gz_rosa_control/lib/python3.10/site-packages'
[0.603s] Level 1:colcon.colcon_core.environment:checking '/home/vedant/ros_ws/install/gz_rosa_control/bin'
[0.604s] INFO:colcon.colcon_core.shell:Creating package script '/home/vedant/ros_ws/install/gz_rosa_control/share/gz_rosa_control/package.ps1'
[0.604s] INFO:colcon.colcon_core.shell:Creating package descriptor '/home/vedant/ros_ws/install/gz_rosa_control/share/gz_rosa_control/package.dsv'
[0.604s] INFO:colcon.colcon_core.shell:Creating package script '/home/vedant/ros_ws/install/gz_rosa_control/share/gz_rosa_control/package.sh'
[0.605s] INFO:colcon.colcon_core.shell:Creating package script '/home/vedant/ros_ws/install/gz_rosa_control/share/gz_rosa_control/package.bash'
[0.605s] INFO:colcon.colcon_core.shell:Creating package script '/home/vedant/ros_ws/install/gz_rosa_control/share/gz_rosa_control/package.zsh'
[0.606s] Level 1:colcon.colcon_core.environment:create_file_with_runtime_dependencies(/home/vedant/ros_ws/install/gz_rosa_control/share/colcon-core/packages/gz_rosa_control)
[0.767s] DEBUG:colcon.colcon_core.event_handler.log_command:Invoking command in '/home/vedant/ros_ws/src/ball_tracker': PYTHONPATH=/home/vedant/ros_ws/build/ball_tracker/prefix_override:/usr/lib/python3/dist-packages/colcon_core/task/python/colcon_distutils_commands:/home/vedant/ros_ws/install/ball_tracker/lib/python3.10/site-packages:${PYTHONPATH} /usr/bin/python3 -W ignore:setup.py install is deprecated -W ignore:easy_install command is deprecated setup.py egg_info --egg-base ../../build/ball_tracker build --build-base /home/vedant/ros_ws/build/ball_tracker/build install --record /home/vedant/ros_ws/build/ball_tracker/install.log --single-version-externally-managed install_data
[0.977s] Level 1:colcon.colcon_core.environment:checking '/home/vedant/ros_ws/install/ball_tracker' for CMake module files
[0.978s] DEBUG:colcon.colcon_core.event_handler.log_command:Invoked command in '/home/vedant/ros_ws/src/ball_tracker' returned '0': PYTHONPATH=/home/vedant/ros_ws/build/ball_tracker/prefix_override:/usr/lib/python3/dist-packages/colcon_core/task/python/colcon_distutils_commands:/home/vedant/ros_ws/install/ball_tracker/lib/python3.10/site-packages:${PYTHONPATH} /usr/bin/python3 -W ignore:setup.py install is deprecated -W ignore:easy_install command is deprecated setup.py egg_info --egg-base ../../build/ball_tracker build --build-base /home/vedant/ros_ws/build/ball_tracker/build install --record /home/vedant/ros_ws/build/ball_tracker/install.log --single-version-externally-managed install_data
[0.979s] Level 1:colcon.colcon_core.environment:checking '/home/vedant/ros_ws/install/ball_tracker' for CMake config files
[0.979s] Level 1:colcon.colcon_core.environment:checking '/home/vedant/ros_ws/install/ball_tracker/lib'
[0.979s] Level 1:colcon.colcon_core.environment:checking '/home/vedant/ros_ws/install/ball_tracker/bin'
[0.979s] Level 1:colcon.colcon_core.environment:checking '/home/vedant/ros_ws/install/ball_tracker/lib/pkgconfig/ball_tracker.pc'
[0.980s] Level 1:colcon.colcon_core.environment:checking '/home/vedant/ros_ws/install/ball_tracker/lib/python3.10/site-packages'
[0.980s] Level 1:colcon.colcon_core.shell:create_environment_hook('ball_tracker', 'pythonpath')
[0.980s] INFO:colcon.colcon_core.shell:Creating environment hook '/home/vedant/ros_ws/install/ball_tracker/share/ball_tracker/hook/pythonpath.ps1'
[0.980s] INFO:colcon.colcon_core.shell:Creating environment descriptor '/home/vedant/ros_ws/install/ball_tracker/share/ball_tracker/hook/pythonpath.dsv'
[0.981s] INFO:colcon.colcon_core.shell:Creating environment hook '/home/vedant/ros_ws/install/ball_tracker/share/ball_tracker/hook/pythonpath.sh'
[0.981s] Level 1:colcon.colcon_core.environment:checking '/home/vedant/ros_ws/install/ball_tracker/bin'
[0.981s] Level 1:colcon.colcon_core.environment:create_environment_scripts_only(ball_tracker)
[0.982s] INFO:colcon.colcon_core.shell:Creating package script '/home/vedant/ros_ws/install/ball_tracker/share/ball_tracker/package.ps1'
[0.982s] INFO:colcon.colcon_core.shell:Creating package descriptor '/home/vedant/ros_ws/install/ball_tracker/share/ball_tracker/package.dsv'
[0.983s] INFO:colcon.colcon_core.shell:Creating package script '/home/vedant/ros_ws/install/ball_tracker/share/ball_tracker/package.sh'
[0.984s] INFO:colcon.colcon_core.shell:Creating package script '/home/vedant/ros_ws/install/ball_tracker/share/ball_tracker/package.bash'
[0.984s] INFO:colcon.colcon_core.shell:Creating package script '/home/vedant/ros_ws/install/ball_tracker/share/ball_tracker/package.zsh'
[0.985s] Level 1:colcon.colcon_core.environment:create_file_with_runtime_dependencies(/home/vedant/ros_ws/install/ball_tracker/share/colcon-core/packages/ball_tracker)
[0.986s] DEBUG:colcon.colcon_parallel_executor.executor.parallel:closing loop
[0.986s] DEBUG:colcon.colcon_parallel_executor.executor.parallel:loop closed
[0.986s] DEBUG:colcon.colcon_parallel_executor.executor.parallel:run_until_complete finished with '0'
[0.987s] DEBUG:colcon.colcon_core.event_reactor:joining thread
[0.992s] INFO:colcon.colcon_core.plugin_system:Skipping extension 'colcon_notification.desktop_notification.terminal_notifier': Not used on non-Darwin systems
[0.992s] INFO:colcon.colcon_core.plugin_system:Skipping extension 'colcon_notification.desktop_notification.win32': Not used on non-Windows systems
[0.992s] INFO:colcon.colcon_notification.desktop_notification:Sending desktop notification using 'notify2'
[1.006s] DEBUG:colcon.colcon_core.event_reactor:joined thread
[1.006s] INFO:colcon.colcon_core.shell:Creating prefix script '/home/vedant/ros_ws/install/local_setup.ps1'
[1.008s] INFO:colcon.colcon_core.shell:Creating prefix util module '/home/vedant/ros_ws/install/_local_setup_util_ps1.py'
[1.011s] INFO:colcon.colcon_core.shell:Creating prefix chain script '/home/vedant/ros_ws/install/setup.ps1'
[1.013s] INFO:colcon.colcon_core.shell:Creating prefix script '/home/vedant/ros_ws/install/local_setup.sh'
[1.014s] INFO:colcon.colcon_core.shell:Creating prefix util module '/home/vedant/ros_ws/install/_local_setup_util_sh.py'
[1.015s] INFO:colcon.colcon_core.shell:Creating prefix chain script '/home/vedant/ros_ws/install/setup.sh'
[1.017s] INFO:colcon.colcon_core.shell:Creating prefix script '/home/vedant/ros_ws/install/local_setup.bash'
[1.017s] INFO:colcon.colcon_core.shell:Creating prefix chain script '/home/vedant/ros_ws/install/setup.bash'
[1.018s] INFO:colcon.colcon_core.shell:Creating prefix script '/home/vedant/ros_ws/install/local_setup.zsh'
[1.019s] INFO:colcon.colcon_core.shell:Creating prefix chain script '/home/vedant/ros_ws/install/setup.zsh'
