running egg_info
creating ../../build/ball_tracker/ball_tracker.egg-info
writing ../../build/ball_tracker/ball_tracker.egg-info/PKG-INFO
writing dependency_links to ../../build/ball_tracker/ball_tracker.egg-info/dependency_links.txt
writing entry points to ../../build/ball_tracker/ball_tracker.egg-info/entry_points.txt
writing requirements to ../../build/ball_tracker/ball_tracker.egg-info/requires.txt
writing top-level names to ../../build/ball_tracker/ball_tracker.egg-info/top_level.txt
writing manifest file '../../build/ball_tracker/ball_tracker.egg-info/SOURCES.txt'
reading manifest file '../../build/ball_tracker/ball_tracker.egg-info/SOURCES.txt'
writing manifest file '../../build/ball_tracker/ball_tracker.egg-info/SOURCES.txt'
running build
running build_py
creating /home/vedant/ros_ws/build/ball_tracker/build
creating /home/vedant/ros_ws/build/ball_tracker/build/lib
creating /home/vedant/ros_ws/build/ball_tracker/build/lib/ball_tracker
copying ball_tracker/detect_ball.py -> /home/vedant/ros_ws/build/ball_tracker/build/lib/ball_tracker
copying ball_tracker/process_image.py -> /home/vedant/ros_ws/build/ball_tracker/build/lib/ball_tracker
copying ball_tracker/__init__.py -> /home/vedant/ros_ws/build/ball_tracker/build/lib/ball_tracker
running install
running install_lib
creating /home/vedant/ros_ws/install/ball_tracker/lib/python3.10/site-packages/ball_tracker
copying /home/vedant/ros_ws/build/ball_tracker/build/lib/ball_tracker/detect_ball.py -> /home/vedant/ros_ws/install/ball_tracker/lib/python3.10/site-packages/ball_tracker
copying /home/vedant/ros_ws/build/ball_tracker/build/lib/ball_tracker/process_image.py -> /home/vedant/ros_ws/install/ball_tracker/lib/python3.10/site-packages/ball_tracker
copying /home/vedant/ros_ws/build/ball_tracker/build/lib/ball_tracker/__init__.py -> /home/vedant/ros_ws/install/ball_tracker/lib/python3.10/site-packages/ball_tracker
byte-compiling /home/vedant/ros_ws/install/ball_tracker/lib/python3.10/site-packages/ball_tracker/detect_ball.py to detect_ball.cpython-310.pyc
byte-compiling /home/vedant/ros_ws/install/ball_tracker/lib/python3.10/site-packages/ball_tracker/process_image.py to process_image.cpython-310.pyc
byte-compiling /home/vedant/ros_ws/install/ball_tracker/lib/python3.10/site-packages/ball_tracker/__init__.py to __init__.cpython-310.pyc
running install_data
creating /home/vedant/ros_ws/install/ball_tracker/share/ament_index
creating /home/vedant/ros_ws/install/ball_tracker/share/ament_index/resource_index
creating /home/vedant/ros_ws/install/ball_tracker/share/ament_index/resource_index/packages
copying resource/ball_tracker -> /home/vedant/ros_ws/install/ball_tracker/share/ament_index/resource_index/packages
copying package.xml -> /home/vedant/ros_ws/install/ball_tracker/share/ball_tracker
running install_egg_info
Copying ../../build/ball_tracker/ball_tracker.egg-info to /home/vedant/ros_ws/install/ball_tracker/lib/python3.10/site-packages/ball_tracker-0.0.0-py3.10.egg-info
running install_scripts
writing list of installed files to '/home/vedant/ros_ws/build/ball_tracker/install.log'
