/home/vedant/ros_ws/install/ball_tracker/lib/python3.10/site-packages/ball_tracker/move_bot.py
/home/vedant/ros_ws/install/ball_tracker/lib/python3.10/site-packages/ball_tracker/detect_ball.py
/home/vedant/ros_ws/install/ball_tracker/lib/python3.10/site-packages/ball_tracker/process_image.py
/home/vedant/ros_ws/install/ball_tracker/lib/python3.10/site-packages/ball_tracker/__init__.py
/home/vedant/ros_ws/install/ball_tracker/lib/python3.10/site-packages/ball_tracker/__pycache__/move_bot.cpython-310.pyc
/home/vedant/ros_ws/install/ball_tracker/lib/python3.10/site-packages/ball_tracker/__pycache__/detect_ball.cpython-310.pyc
/home/vedant/ros_ws/install/ball_tracker/lib/python3.10/site-packages/ball_tracker/__pycache__/process_image.cpython-310.pyc
/home/vedant/ros_ws/install/ball_tracker/lib/python3.10/site-packages/ball_tracker/__pycache__/__init__.cpython-310.pyc
/home/vedant/ros_ws/install/ball_tracker/share/ament_index/resource_index/packages/ball_tracker
/home/vedant/ros_ws/install/ball_tracker/share/ball_tracker/package.xml
/home/vedant/ros_ws/install/ball_tracker/share/ball_tracker/launch/detect_ball_launch.py
/home/vedant/ros_ws/install/ball_tracker/share/ball_tracker/config/blue_ball.yaml
/home/vedant/ros_ws/install/ball_tracker/share/ball_tracker/config/green_ball.yaml
/home/vedant/ros_ws/install/ball_tracker/share/ball_tracker/config/yellow_ball.yaml
/home/vedant/ros_ws/install/ball_tracker/lib/python3.10/site-packages/ball_tracker-0.0.0-py3.10.egg-info/PKG-INFO
/home/vedant/ros_ws/install/ball_tracker/lib/python3.10/site-packages/ball_tracker-0.0.0-py3.10.egg-info/zip-safe
/home/vedant/ros_ws/install/ball_tracker/lib/python3.10/site-packages/ball_tracker-0.0.0-py3.10.egg-info/requires.txt
/home/vedant/ros_ws/install/ball_tracker/lib/python3.10/site-packages/ball_tracker-0.0.0-py3.10.egg-info/SOURCES.txt
/home/vedant/ros_ws/install/ball_tracker/lib/python3.10/site-packages/ball_tracker-0.0.0-py3.10.egg-info/entry_points.txt
/home/vedant/ros_ws/install/ball_tracker/lib/python3.10/site-packages/ball_tracker-0.0.0-py3.10.egg-info/dependency_links.txt
/home/vedant/ros_ws/install/ball_tracker/lib/python3.10/site-packages/ball_tracker-0.0.0-py3.10.egg-info/top_level.txt
/home/vedant/ros_ws/install/ball_tracker/lib/ball_tracker/detect_ball
/home/vedant/ros_ws/install/ball_tracker/lib/ball_tracker/move_bot
