[0.293s] DEBUG:colcon:Command line arguments: ['/usr/bin/colcon', 'build']
[0.293s] DEBUG:colcon:Parsed command line arguments: Namespace(log_base=None, log_level=None, verb_name='build', build_base='build', install_base='install', merge_install=False, symlink_install=False, test_result_base=None, continue_on_error=False, executor='parallel', parallel_workers=12, event_handlers=None, ignore_user_meta=False, metas=['./colcon.meta'], base_paths=['.'], packages_ignore=None, packages_ignore_regex=None, paths=None, packages_up_to=None, packages_up_to_regex=None, packages_above=None, packages_above_and_dependencies=None, packages_above_depth=None, packages_select_by_dep=None, packages_skip_by_dep=None, packages_skip_up_to=None, packages_select_build_failed=False, packages_skip_build_finished=False, packages_select_test_failures=False, packages_skip_test_passed=False, packages_select=None, packages_skip=None, packages_select_regex=None, packages_skip_regex=None, packages_start=None, packages_end=None, allow_overriding=[], cmake_args=None, cmake_target=None, cmake_target_skip_unavailable=False, cmake_clean_cache=False, cmake_clean_first=False, cmake_force_configure=False, ament_cmake_args=None, catkin_cmake_args=None, catkin_skip_building_tests=False, verb_parser=<colcon_defaults.argument_parser.defaults.DefaultArgumentsDecorator object at 0x7a8a36f14e20>, verb_extension=<colcon_core.verb.build.BuildVerb object at 0x7a8a36f148e0>, main=<bound method BuildVerb.main of <colcon_core.verb.build.BuildVerb object at 0x7a8a36f148e0>>)
[0.636s] Level 1:colcon.colcon_core.package_discovery:discover_packages(colcon_meta) check parameters
[0.637s] Level 1:colcon.colcon_core.package_discovery:discover_packages(recursive) check parameters
[0.637s] Level 1:colcon.colcon_core.package_discovery:discover_packages(ignore) check parameters
[0.637s] Level 1:colcon.colcon_core.package_discovery:discover_packages(path) check parameters
[0.637s] Level 1:colcon.colcon_core.package_discovery:discover_packages(colcon_meta) discover
[0.637s] Level 1:colcon.colcon_core.package_discovery:discover_packages(recursive) discover
[0.637s] INFO:colcon.colcon_core.package_discovery:Crawling recursively for packages in '/home/vedant/final_ballerina/Ballerina-Cappucina'
[0.637s] Level 1:colcon.colcon_core.package_identification:_identify(.) by extensions ['ignore', 'ignore_ament_install']
[0.637s] Level 1:colcon.colcon_core.package_identification:_identify(.) by extension 'ignore'
[0.637s] Level 1:colcon.colcon_core.package_identification:_identify(.) by extension 'ignore_ament_install'
[0.638s] Level 1:colcon.colcon_core.package_identification:_identify(.) by extensions ['colcon_pkg']
[0.638s] Level 1:colcon.colcon_core.package_identification:_identify(.) by extension 'colcon_pkg'
[0.638s] Level 1:colcon.colcon_core.package_identification:_identify(.) by extensions ['colcon_meta']
[0.638s] Level 1:colcon.colcon_core.package_identification:_identify(.) by extension 'colcon_meta'
[0.638s] Level 1:colcon.colcon_core.package_identification:_identify(.) by extensions ['ros']
[0.638s] Level 1:colcon.colcon_core.package_identification:_identify(.) by extension 'ros'
[0.657s] DEBUG:colcon.colcon_core.package_identification:Package '.' with type 'ros.ament_cmake' and name 'gz_rosa_control'
[0.657s] Level 1:colcon.colcon_core.package_discovery:discover_packages(recursive) using defaults
[0.657s] Level 1:colcon.colcon_core.package_discovery:discover_packages(ignore) discover
[0.657s] Level 1:colcon.colcon_core.package_discovery:discover_packages(ignore) using defaults
[0.657s] Level 1:colcon.colcon_core.package_discovery:discover_packages(path) discover
[0.657s] Level 1:colcon.colcon_core.package_discovery:discover_packages(path) using defaults
[0.714s] Level 1:colcon.colcon_core.package_discovery:discover_packages(prefix_path) check parameters
[0.714s] Level 1:colcon.colcon_core.package_discovery:discover_packages(prefix_path) discover
[0.719s] DEBUG:colcon.colcon_installed_package_information.package_discovery:Found 368 installed packages in /opt/ros/humble
[0.722s] Level 1:colcon.colcon_core.package_discovery:discover_packages(prefix_path) using defaults
[0.769s] Level 5:colcon.colcon_core.verb:set package 'gz_rosa_control' build argument 'cmake_args' from command line to 'None'
[0.770s] Level 5:colcon.colcon_core.verb:set package 'gz_rosa_control' build argument 'cmake_target' from command line to 'None'
[0.770s] Level 5:colcon.colcon_core.verb:set package 'gz_rosa_control' build argument 'cmake_target_skip_unavailable' from command line to 'False'
[0.770s] Level 5:colcon.colcon_core.verb:set package 'gz_rosa_control' build argument 'cmake_clean_cache' from command line to 'False'
[0.770s] Level 5:colcon.colcon_core.verb:set package 'gz_rosa_control' build argument 'cmake_clean_first' from command line to 'False'
[0.770s] Level 5:colcon.colcon_core.verb:set package 'gz_rosa_control' build argument 'cmake_force_configure' from command line to 'False'
[0.770s] Level 5:colcon.colcon_core.verb:set package 'gz_rosa_control' build argument 'ament_cmake_args' from command line to 'None'
[0.770s] Level 5:colcon.colcon_core.verb:set package 'gz_rosa_control' build argument 'catkin_cmake_args' from command line to 'None'
[0.770s] Level 5:colcon.colcon_core.verb:set package 'gz_rosa_control' build argument 'catkin_skip_building_tests' from command line to 'False'
[0.770s] DEBUG:colcon.colcon_core.verb:Building package 'gz_rosa_control' with the following arguments: {'ament_cmake_args': None, 'build_base': '/home/vedant/final_ballerina/Ballerina-Cappucina/build/gz_rosa_control', 'catkin_cmake_args': None, 'catkin_skip_building_tests': False, 'cmake_args': None, 'cmake_clean_cache': False, 'cmake_clean_first': False, 'cmake_force_configure': False, 'cmake_target': None, 'cmake_target_skip_unavailable': False, 'install_base': '/home/vedant/final_ballerina/Ballerina-Cappucina/install/gz_rosa_control', 'merge_install': False, 'path': '/home/vedant/final_ballerina/Ballerina-Cappucina', 'symlink_install': False, 'test_result_base': None}
[0.770s] INFO:colcon.colcon_core.executor:Executing jobs using 'parallel' executor
[0.771s] DEBUG:colcon.colcon_parallel_executor.executor.parallel:run_until_complete
[0.771s] INFO:colcon.colcon_ros.task.ament_cmake.build:Building ROS package in '/home/vedant/final_ballerina/Ballerina-Cappucina' with build type 'ament_cmake'
[0.771s] INFO:colcon.colcon_cmake.task.cmake.build:Building CMake package in '/home/vedant/final_ballerina/Ballerina-Cappucina'
[0.777s] INFO:colcon.colcon_core.plugin_system:Skipping extension 'colcon_core.shell.bat': Not used on non-Windows systems
[0.777s] INFO:colcon.colcon_core.shell:Skip shell extension 'powershell' for command environment: Not usable outside of PowerShell
[0.777s] DEBUG:colcon.colcon_core.shell:Skip shell extension 'dsv' for command environment
[0.786s] DEBUG:colcon.colcon_core.event_handler.log_command:Invoking command in '/home/vedant/final_ballerina/Ballerina-Cappucina/build/gz_rosa_control': CMAKE_PREFIX_PATH=/opt/ros/humble /usr/bin/cmake /home/vedant/final_ballerina/Ballerina-Cappucina -DCMAKE_INSTALL_PREFIX=/home/vedant/final_ballerina/Ballerina-Cappucina/install/gz_rosa_control
[4.400s] DEBUG:colcon.colcon_core.event_handler.log_command:Invoked command in '/home/vedant/final_ballerina/Ballerina-Cappucina/build/gz_rosa_control' returned '0': CMAKE_PREFIX_PATH=/opt/ros/humble /usr/bin/cmake /home/vedant/final_ballerina/Ballerina-Cappucina -DCMAKE_INSTALL_PREFIX=/home/vedant/final_ballerina/Ballerina-Cappucina/install/gz_rosa_control
[4.402s] DEBUG:colcon.colcon_core.event_handler.log_command:Invoking command in '/home/vedant/final_ballerina/Ballerina-Cappucina/build/gz_rosa_control': CMAKE_PREFIX_PATH=/opt/ros/humble /usr/bin/cmake --build /home/vedant/final_ballerina/Ballerina-Cappucina/build/gz_rosa_control -- -j12 -l12
[27.819s] DEBUG:colcon.colcon_core.event_handler.log_command:Invoked command in '/home/vedant/final_ballerina/Ballerina-Cappucina/build/gz_rosa_control' returned '0': CMAKE_PREFIX_PATH=/opt/ros/humble /usr/bin/cmake --build /home/vedant/final_ballerina/Ballerina-Cappucina/build/gz_rosa_control -- -j12 -l12
[27.833s] DEBUG:colcon.colcon_core.event_handler.log_command:Invoking command in '/home/vedant/final_ballerina/Ballerina-Cappucina/build/gz_rosa_control': CMAKE_PREFIX_PATH=/opt/ros/humble /usr/bin/cmake --install /home/vedant/final_ballerina/Ballerina-Cappucina/build/gz_rosa_control
[27.855s] Level 1:colcon.colcon_core.environment:create_environment_scripts_only(gz_rosa_control)
[27.856s] DEBUG:colcon.colcon_core.event_handler.log_command:Invoked command in '/home/vedant/final_ballerina/Ballerina-Cappucina/build/gz_rosa_control' returned '0': CMAKE_PREFIX_PATH=/opt/ros/humble /usr/bin/cmake --install /home/vedant/final_ballerina/Ballerina-Cappucina/build/gz_rosa_control
[27.863s] Level 1:colcon.colcon_core.environment:checking '/home/vedant/final_ballerina/Ballerina-Cappucina/install/gz_rosa_control' for CMake module files
[27.864s] Level 1:colcon.colcon_core.environment:checking '/home/vedant/final_ballerina/Ballerina-Cappucina/install/gz_rosa_control' for CMake config files
[27.864s] Level 1:colcon.colcon_core.shell:create_environment_hook('gz_rosa_control', 'cmake_prefix_path')
[27.864s] INFO:colcon.colcon_core.shell:Creating environment hook '/home/vedant/final_ballerina/Ballerina-Cappucina/install/gz_rosa_control/share/gz_rosa_control/hook/cmake_prefix_path.ps1'
[27.866s] INFO:colcon.colcon_core.shell:Creating environment descriptor '/home/vedant/final_ballerina/Ballerina-Cappucina/install/gz_rosa_control/share/gz_rosa_control/hook/cmake_prefix_path.dsv'
[27.867s] INFO:colcon.colcon_core.shell:Creating environment hook '/home/vedant/final_ballerina/Ballerina-Cappucina/install/gz_rosa_control/share/gz_rosa_control/hook/cmake_prefix_path.sh'
[27.869s] Level 1:colcon.colcon_core.environment:checking '/home/vedant/final_ballerina/Ballerina-Cappucina/install/gz_rosa_control/lib'
[27.869s] Level 1:colcon.colcon_core.shell:create_environment_hook('gz_rosa_control', 'ld_library_path_lib')
[27.869s] INFO:colcon.colcon_core.shell:Creating environment hook '/home/vedant/final_ballerina/Ballerina-Cappucina/install/gz_rosa_control/share/gz_rosa_control/hook/ld_library_path_lib.ps1'
[27.870s] INFO:colcon.colcon_core.shell:Creating environment descriptor '/home/vedant/final_ballerina/Ballerina-Cappucina/install/gz_rosa_control/share/gz_rosa_control/hook/ld_library_path_lib.dsv'
[27.870s] INFO:colcon.colcon_core.shell:Creating environment hook '/home/vedant/final_ballerina/Ballerina-Cappucina/install/gz_rosa_control/share/gz_rosa_control/hook/ld_library_path_lib.sh'
[27.871s] Level 1:colcon.colcon_core.environment:checking '/home/vedant/final_ballerina/Ballerina-Cappucina/install/gz_rosa_control/bin'
[27.871s] Level 1:colcon.colcon_core.environment:checking '/home/vedant/final_ballerina/Ballerina-Cappucina/install/gz_rosa_control/lib/pkgconfig/gz_rosa_control.pc'
[27.871s] Level 1:colcon.colcon_core.environment:checking '/home/vedant/final_ballerina/Ballerina-Cappucina/install/gz_rosa_control/lib/python3.10/site-packages'
[27.872s] Level 1:colcon.colcon_core.environment:checking '/home/vedant/final_ballerina/Ballerina-Cappucina/install/gz_rosa_control/bin'
[27.872s] INFO:colcon.colcon_core.shell:Creating package script '/home/vedant/final_ballerina/Ballerina-Cappucina/install/gz_rosa_control/share/gz_rosa_control/package.ps1'
[27.873s] INFO:colcon.colcon_core.shell:Creating package descriptor '/home/vedant/final_ballerina/Ballerina-Cappucina/install/gz_rosa_control/share/gz_rosa_control/package.dsv'
[27.874s] INFO:colcon.colcon_core.shell:Creating package script '/home/vedant/final_ballerina/Ballerina-Cappucina/install/gz_rosa_control/share/gz_rosa_control/package.sh'
[27.876s] INFO:colcon.colcon_core.shell:Creating package script '/home/vedant/final_ballerina/Ballerina-Cappucina/install/gz_rosa_control/share/gz_rosa_control/package.bash'
[27.877s] INFO:colcon.colcon_core.shell:Creating package script '/home/vedant/final_ballerina/Ballerina-Cappucina/install/gz_rosa_control/share/gz_rosa_control/package.zsh'
[27.879s] Level 1:colcon.colcon_core.environment:create_file_with_runtime_dependencies(/home/vedant/final_ballerina/Ballerina-Cappucina/install/gz_rosa_control/share/colcon-core/packages/gz_rosa_control)
[27.879s] Level 1:colcon.colcon_core.environment:create_environment_scripts_only(gz_rosa_control)
[27.880s] Level 1:colcon.colcon_core.environment:checking '/home/vedant/final_ballerina/Ballerina-Cappucina/install/gz_rosa_control' for CMake module files
[27.880s] Level 1:colcon.colcon_core.environment:checking '/home/vedant/final_ballerina/Ballerina-Cappucina/install/gz_rosa_control' for CMake config files
[27.880s] Level 1:colcon.colcon_core.shell:create_environment_hook('gz_rosa_control', 'cmake_prefix_path')
[27.881s] INFO:colcon.colcon_core.shell:Creating environment hook '/home/vedant/final_ballerina/Ballerina-Cappucina/install/gz_rosa_control/share/gz_rosa_control/hook/cmake_prefix_path.ps1'
[27.881s] INFO:colcon.colcon_core.shell:Creating environment descriptor '/home/vedant/final_ballerina/Ballerina-Cappucina/install/gz_rosa_control/share/gz_rosa_control/hook/cmake_prefix_path.dsv'
[27.882s] INFO:colcon.colcon_core.shell:Creating environment hook '/home/vedant/final_ballerina/Ballerina-Cappucina/install/gz_rosa_control/share/gz_rosa_control/hook/cmake_prefix_path.sh'
[27.882s] Level 1:colcon.colcon_core.environment:checking '/home/vedant/final_ballerina/Ballerina-Cappucina/install/gz_rosa_control/lib'
[27.882s] Level 1:colcon.colcon_core.shell:create_environment_hook('gz_rosa_control', 'ld_library_path_lib')
[27.882s] INFO:colcon.colcon_core.shell:Creating environment hook '/home/vedant/final_ballerina/Ballerina-Cappucina/install/gz_rosa_control/share/gz_rosa_control/hook/ld_library_path_lib.ps1'
[27.883s] INFO:colcon.colcon_core.shell:Creating environment descriptor '/home/vedant/final_ballerina/Ballerina-Cappucina/install/gz_rosa_control/share/gz_rosa_control/hook/ld_library_path_lib.dsv'
[27.883s] INFO:colcon.colcon_core.shell:Creating environment hook '/home/vedant/final_ballerina/Ballerina-Cappucina/install/gz_rosa_control/share/gz_rosa_control/hook/ld_library_path_lib.sh'
[27.883s] Level 1:colcon.colcon_core.environment:checking '/home/vedant/final_ballerina/Ballerina-Cappucina/install/gz_rosa_control/bin'
[27.884s] Level 1:colcon.colcon_core.environment:checking '/home/vedant/final_ballerina/Ballerina-Cappucina/install/gz_rosa_control/lib/pkgconfig/gz_rosa_control.pc'
[27.884s] Level 1:colcon.colcon_core.environment:checking '/home/vedant/final_ballerina/Ballerina-Cappucina/install/gz_rosa_control/lib/python3.10/site-packages'
[27.884s] Level 1:colcon.colcon_core.environment:checking '/home/vedant/final_ballerina/Ballerina-Cappucina/install/gz_rosa_control/bin'
[27.884s] INFO:colcon.colcon_core.shell:Creating package script '/home/vedant/final_ballerina/Ballerina-Cappucina/install/gz_rosa_control/share/gz_rosa_control/package.ps1'
[27.885s] INFO:colcon.colcon_core.shell:Creating package descriptor '/home/vedant/final_ballerina/Ballerina-Cappucina/install/gz_rosa_control/share/gz_rosa_control/package.dsv'
[27.886s] INFO:colcon.colcon_core.shell:Creating package script '/home/vedant/final_ballerina/Ballerina-Cappucina/install/gz_rosa_control/share/gz_rosa_control/package.sh'
[27.886s] INFO:colcon.colcon_core.shell:Creating package script '/home/vedant/final_ballerina/Ballerina-Cappucina/install/gz_rosa_control/share/gz_rosa_control/package.bash'
[27.886s] INFO:colcon.colcon_core.shell:Creating package script '/home/vedant/final_ballerina/Ballerina-Cappucina/install/gz_rosa_control/share/gz_rosa_control/package.zsh'
[27.887s] Level 1:colcon.colcon_core.environment:create_file_with_runtime_dependencies(/home/vedant/final_ballerina/Ballerina-Cappucina/install/gz_rosa_control/share/colcon-core/packages/gz_rosa_control)
[27.887s] DEBUG:colcon.colcon_parallel_executor.executor.parallel:closing loop
[27.887s] DEBUG:colcon.colcon_parallel_executor.executor.parallel:loop closed
[27.887s] DEBUG:colcon.colcon_parallel_executor.executor.parallel:run_until_complete finished with '0'
[27.887s] DEBUG:colcon.colcon_core.event_reactor:joining thread
[27.895s] INFO:colcon.colcon_core.plugin_system:Skipping extension 'colcon_notification.desktop_notification.terminal_notifier': Not used on non-Darwin systems
[27.895s] INFO:colcon.colcon_core.plugin_system:Skipping extension 'colcon_notification.desktop_notification.win32': Not used on non-Windows systems
[27.895s] INFO:colcon.colcon_notification.desktop_notification:Sending desktop notification using 'notify2'
[27.915s] DEBUG:colcon.colcon_core.event_reactor:joined thread
[27.916s] INFO:colcon.colcon_core.shell:Creating prefix script '/home/vedant/final_ballerina/Ballerina-Cappucina/install/local_setup.ps1'
[27.917s] INFO:colcon.colcon_core.shell:Creating prefix util module '/home/vedant/final_ballerina/Ballerina-Cappucina/install/_local_setup_util_ps1.py'
[27.919s] INFO:colcon.colcon_core.shell:Creating prefix chain script '/home/vedant/final_ballerina/Ballerina-Cappucina/install/setup.ps1'
[27.920s] INFO:colcon.colcon_core.shell:Creating prefix script '/home/vedant/final_ballerina/Ballerina-Cappucina/install/local_setup.sh'
[27.922s] INFO:colcon.colcon_core.shell:Creating prefix util module '/home/vedant/final_ballerina/Ballerina-Cappucina/install/_local_setup_util_sh.py'
[27.922s] INFO:colcon.colcon_core.shell:Creating prefix chain script '/home/vedant/final_ballerina/Ballerina-Cappucina/install/setup.sh'
[27.924s] INFO:colcon.colcon_core.shell:Creating prefix script '/home/vedant/final_ballerina/Ballerina-Cappucina/install/local_setup.bash'
[27.924s] INFO:colcon.colcon_core.shell:Creating prefix chain script '/home/vedant/final_ballerina/Ballerina-Cappucina/install/setup.bash'
[27.926s] INFO:colcon.colcon_core.shell:Creating prefix script '/home/vedant/final_ballerina/Ballerina-Cappucina/install/local_setup.zsh'
[27.927s] INFO:colcon.colcon_core.shell:Creating prefix chain script '/home/vedant/final_ballerina/Ballerina-Cappucina/install/setup.zsh'
